2026-02-27 16:10:20.178: [INFO] VisibilityChanged: 0
2026-02-27 16:10:20.256: [INFO] RecordSyncInitDuration has_sync_been_enabled: 0 state: 0
2026-02-27 16:10:20.258: [INFO] RecordSyncInitDuration has_sync_been_enabled: 0 state: 0
2026-02-27 16:10:20.259: [INFO] RecordSyncInitDuration has_sync_been_enabled: 0 state: 0
2026-02-27 16:10:20.261: [INFO] RecordSyncInitDuration has_sync_been_enabled: 0 state: 0
2026-02-27 16:10:20.262: [INFO] RecordSyncInitDuration has_sync_been_enabled: 0 state: 0
2026-02-27 16:10:20.264: [INFO] RecordSyncInitDuration has_sync_been_enabled: 0 state: 0
2026-02-27 16:10:20.265: [INFO] RecordSyncInitDuration has_sync_been_enabled: 0 state: 0
2026-02-27 16:10:20.267: [INFO] RecordSyncInitDuration has_sync_been_enabled: 0 state: 0
2026-02-27 16:10:20.268: [INFO] RecordSyncInitDuration has_sync_been_enabled: 0 state: 0
2026-02-27 16:10:20.270: [INFO] RecordSyncInitDuration has_sync_been_enabled: 0 state: 0
2026-02-27 16:10:20.271: [INFO] RecordSyncInitDuration has_sync_been_enabled: 0 state: 0
2026-02-27 16:10:20.272: [INFO] RecordSyncInitDuration has_sync_been_enabled: 0 state: 0
2026-02-27 16:10:20.297: [INFO] BookmarkModelLoaded, ids_reassigned: 0
2026-02-27 16:10:20.297: [INFO] OnDoneLoading sync enabled: 0
2026-02-27 16:10:20.376: [INFO] RecordSyncInitDuration has_sync_been_enabled: 0 state: 0
2026-02-27 16:10:22.875: [INFO] RecordSyncInitDuration has_sync_been_enabled: 0 state: 0
2026-02-27 16:10:22.880: [INFO] Primary account changed.
2026-02-27 16:10:22.880: [INFO] OnPrimaryAccountChanged PrimaryAccountChangeEvent::Type::kSet
2026-02-27 16:10:22.885: [INFO] RecordSyncInitDuration has_sync_been_enabled: 0 state: 0
2026-02-27 16:10:22.887: [INFO] RecordSyncInitDuration has_sync_been_enabled: 0 state: 0
2026-02-27 17:21:02.608: [INFO] VisibilityChanged: 0
2026-02-27 17:21:02.694: [INFO] BookmarkModelLoaded, ids_reassigned: 0
2026-02-27 17:21:02.694: [INFO] OnDoneLoading sync enabled: 0
2026-02-27 17:34:22.601: [INFO] VisibilityChanged: 0
2026-02-27 17:34:22.700: [INFO] BookmarkModelLoaded, ids_reassigned: 0
2026-02-27 17:34:22.700: [INFO] OnDoneLoading sync enabled: 0
2026-02-27 17:34:22.703: [INFO] RecordSyncInitDuration has_sync_been_enabled: 0 state: 0
2026-02-27 17:34:25.304: [INFO] RecordSyncInitDuration has_sync_been_enabled: 0 state: 0
2026-02-27 17:34:25.307: [INFO] RecordSyncInitDuration has_sync_been_enabled: 0 state: 0
2026-02-27 17:34:25.315: [INFO] Primary account changed.
2026-02-27 17:34:25.315: [INFO] OnPrimaryAccountChanged PrimaryAccountChangeEvent::Type::kSet
2026-02-27 17:34:25.321: [INFO] RecordSyncInitDuration has_sync_been_enabled: 0 state: 0
2026-02-27 17:34:25.322: [INFO] RecordSyncInitDuration has_sync_been_enabled: 0 state: 0
2026-02-27 17:42:49.983: [INFO] VisibilityChanged: 0
2026-02-27 17:42:50.090: [INFO] BookmarkModelLoaded, ids_reassigned: 0
2026-02-27 17:42:50.091: [INFO] OnDoneLoading sync enabled: 0
2026-02-27 17:56:56.452: [INFO] VisibilityChanged: 0
2026-02-27 17:56:56.553: [INFO] BookmarkModelLoaded, ids_reassigned: 0
2026-02-27 17:56:56.553: [INFO] OnDoneLoading sync enabled: 0
2026-02-27 17:56:56.556: [INFO] RecordSyncInitDuration has_sync_been_enabled: 0 state: 0
2026-02-27 17:56:58.993: [INFO] RecordSyncInitDuration has_sync_been_enabled: 0 state: 0
2026-02-27 17:56:58.995: [INFO] RecordSyncInitDuration has_sync_been_enabled: 0 state: 0
2026-02-27 17:56:59.003: [INFO] Primary account changed.
2026-02-27 17:56:59.003: [INFO] OnPrimaryAccountChanged PrimaryAccountChangeEvent::Type::kSet
2026-02-27 17:56:59.008: [INFO] RecordSyncInitDuration has_sync_been_enabled: 0 state: 0
2026-02-27 17:56:59.010: [INFO] RecordSyncInitDuration has_sync_been_enabled: 0 state: 0
2026-02-27 18:01:45.436: [INFO] VisibilityChanged: 0
2026-02-27 18:01:45.516: [INFO] BookmarkModelLoaded, ids_reassigned: 0
2026-02-27 18:01:45.516: [INFO] OnDoneLoading sync enabled: 0
2026-02-27 18:12:29.493: [INFO] VisibilityChanged: 0
2026-02-27 18:12:29.575: [INFO] BookmarkModelLoaded, ids_reassigned: 0
2026-02-27 18:12:29.576: [INFO] OnDoneLoading sync enabled: 0
2026-02-27 18:12:29.577: [INFO] RecordSyncInitDuration has_sync_been_enabled: 0 state: 0
2026-02-27 18:12:31.893: [INFO] RecordSyncInitDuration has_sync_been_enabled: 0 state: 0
2026-02-27 18:12:31.896: [INFO] RecordSyncInitDuration has_sync_been_enabled: 0 state: 0
2026-02-27 18:12:31.903: [INFO] Primary account changed.
2026-02-27 18:12:31.903: [INFO] OnPrimaryAccountChanged PrimaryAccountChangeEvent::Type::kSet
2026-02-27 18:12:31.908: [INFO] RecordSyncInitDuration has_sync_been_enabled: 0 state: 0
2026-02-27 18:12:31.910: [INFO] RecordSyncInitDuration has_sync_been_enabled: 0 state: 0
2026-02-27 18:20:03.717: [INFO] VisibilityChanged: 0
2026-02-27 18:20:03.803: [INFO] BookmarkModelLoaded, ids_reassigned: 0
2026-02-27 18:20:03.803: [INFO] OnDoneLoading sync enabled: 0
2026-02-27 18:28:03.860: [INFO] VisibilityChanged: 0
2026-02-27 18:28:03.946: [INFO] BookmarkModelLoaded, ids_reassigned: 0
2026-02-27 18:28:03.946: [INFO] OnDoneLoading sync enabled: 0
2026-02-27 18:28:03.947: [INFO] RecordSyncInitDuration has_sync_been_enabled: 0 state: 0
2026-02-27 18:28:06.573: [INFO] RecordSyncInitDuration has_sync_been_enabled: 0 state: 0
2026-02-27 18:28:06.576: [INFO] RecordSyncInitDuration has_sync_been_enabled: 0 state: 0
2026-02-27 18:28:06.587: [INFO] Primary account changed.
2026-02-27 18:28:06.587: [INFO] OnPrimaryAccountChanged PrimaryAccountChangeEvent::Type::kSet
2026-02-27 18:28:06.592: [INFO] RecordSyncInitDuration has_sync_been_enabled: 0 state: 0
2026-02-27 18:28:06.594: [INFO] RecordSyncInitDuration has_sync_been_enabled: 0 state: 0
2026-02-27 18:34:40.093: [INFO] VisibilityChanged: 0
2026-02-27 18:34:40.172: [INFO] BookmarkModelLoaded, ids_reassigned: 0
2026-02-27 18:34:40.172: [INFO] OnDoneLoading sync enabled: 0
2026-02-27 18:35:56.477: [INFO] VisibilityChanged: 1
2026-02-27 18:36:02.941: [INFO] VisibilityChanged: 0
2026-02-27 18:42:23.551: [INFO] VisibilityChanged: 0
2026-02-27 18:42:23.632: [INFO] BookmarkModelLoaded, ids_reassigned: 0
2026-02-27 18:42:23.632: [INFO] OnDoneLoading sync enabled: 0
2026-02-27 18:42:23.635: [INFO] RecordSyncInitDuration has_sync_been_enabled: 0 state: 0
2026-02-27 18:42:26.058: [INFO] RecordSyncInitDuration has_sync_been_enabled: 0 state: 0
2026-02-27 18:42:26.060: [INFO] RecordSyncInitDuration has_sync_been_enabled: 0 state: 0
2026-02-27 18:42:26.066: [INFO] Primary account changed.
2026-02-27 18:42:26.066: [INFO] OnPrimaryAccountChanged PrimaryAccountChangeEvent::Type::kSet
2026-02-27 18:42:26.072: [INFO] RecordSyncInitDuration has_sync_been_enabled: 0 state: 0
2026-02-27 18:42:26.074: [INFO] RecordSyncInitDuration has_sync_been_enabled: 0 state: 0
2026-02-27 18:46:40.152: [INFO] VisibilityChanged: 0
2026-02-27 18:46:40.249: [INFO] BookmarkModelLoaded, ids_reassigned: 0
2026-02-27 18:46:40.249: [INFO] OnDoneLoading sync enabled: 0
2026-02-27 18:50:10.706: [INFO] VisibilityChanged: 0
2026-02-27 18:50:10.785: [INFO] BookmarkModelLoaded, ids_reassigned: 0
2026-02-27 18:50:10.785: [INFO] OnDoneLoading sync enabled: 0
2026-02-27 18:50:10.788: [INFO] RecordSyncInitDuration has_sync_been_enabled: 0 state: 0
2026-02-27 18:50:13.162: [INFO] RecordSyncInitDuration has_sync_been_enabled: 0 state: 0
2026-02-27 18:50:13.164: [INFO] RecordSyncInitDuration has_sync_been_enabled: 0 state: 0
2026-02-27 18:50:13.173: [INFO] Primary account changed.
2026-02-27 18:50:13.173: [INFO] OnPrimaryAccountChanged PrimaryAccountChangeEvent::Type::kSet
2026-02-27 18:50:13.178: [INFO] RecordSyncInitDuration has_sync_been_enabled: 0 state: 0
2026-02-27 18:50:13.180: [INFO] RecordSyncInitDuration has_sync_been_enabled: 0 state: 0
2026-02-27 19:03:02.715: [INFO] VisibilityChanged: 0
2026-02-27 19:03:02.812: [INFO] BookmarkModelLoaded, ids_reassigned: 0
2026-02-27 19:03:02.812: [INFO] OnDoneLoading sync enabled: 0
2026-02-27 19:06:17.784: [INFO] VisibilityChanged: 0
2026-02-27 19:06:17.874: [INFO] BookmarkModelLoaded, ids_reassigned: 0
2026-02-27 19:06:17.874: [INFO] OnDoneLoading sync enabled: 0
2026-02-27 19:06:17.878: [INFO] RecordSyncInitDuration has_sync_been_enabled: 0 state: 0
2026-02-27 19:06:20.212: [INFO] RecordSyncInitDuration has_sync_been_enabled: 0 state: 0
2026-02-27 19:06:20.215: [INFO] RecordSyncInitDuration has_sync_been_enabled: 0 state: 0
2026-02-27 19:06:20.223: [INFO] Primary account changed.
2026-02-27 19:06:20.223: [INFO] OnPrimaryAccountChanged PrimaryAccountChangeEvent::Type::kSet
2026-02-27 19:06:20.229: [INFO] RecordSyncInitDuration has_sync_been_enabled: 0 state: 0
2026-02-27 19:06:20.230: [INFO] RecordSyncInitDuration has_sync_been_enabled: 0 state: 0
2026-02-27 19:09:55.195: [INFO] VisibilityChanged: 0
2026-02-27 19:09:55.270: [INFO] BookmarkModelLoaded, ids_reassigned: 0
2026-02-27 19:09:55.270: [INFO] OnDoneLoading sync enabled: 0
2026-03-10 06:44:32.985: [INFO] VisibilityChanged: 0
2026-03-10 06:44:33.065: [INFO] BookmarkModelLoaded, ids_reassigned: 0
2026-03-10 06:44:33.065: [INFO] OnDoneLoading sync enabled: 0
2026-03-10 06:44:33.067: [INFO] RecordSyncInitDuration has_sync_been_enabled: 0 state: 0
2026-03-10 06:44:36.266: [INFO] RecordSyncInitDuration has_sync_been_enabled: 0 state: 0
2026-03-10 06:44:36.269: [INFO] RecordSyncInitDuration has_sync_been_enabled: 0 state: 0
2026-03-10 06:44:36.278: [INFO] Primary account changed.
2026-03-10 06:44:36.278: [INFO] OnPrimaryAccountChanged PrimaryAccountChangeEvent::Type::kSet
2026-03-10 06:44:36.284: [INFO] RecordSyncInitDuration has_sync_been_enabled: 0 state: 0
2026-03-10 06:44:36.286: [INFO] RecordSyncInitDuration has_sync_been_enabled: 0 state: 0
2026-03-10 06:48:40.133: [INFO] VisibilityChanged: 0
2026-03-10 06:48:40.211: [INFO] BookmarkModelLoaded, ids_reassigned: 0
2026-03-10 06:48:40.211: [INFO] OnDoneLoading sync enabled: 0
2026-03-10 06:50:23.907: [INFO] VisibilityChanged: 0
2026-03-10 06:50:23.998: [INFO] BookmarkModelLoaded, ids_reassigned: 0
2026-03-10 06:50:23.998: [INFO] OnDoneLoading sync enabled: 0
2026-03-10 06:50:24.001: [INFO] RecordSyncInitDuration has_sync_been_enabled: 0 state: 0
2026-03-10 06:50:26.370: [INFO] RecordSyncInitDuration has_sync_been_enabled: 0 state: 0
2026-03-10 06:50:26.374: [INFO] RecordSyncInitDuration has_sync_been_enabled: 0 state: 0
2026-03-10 06:50:26.381: [INFO] Primary account changed.
2026-03-10 06:50:26.381: [INFO] OnPrimaryAccountChanged PrimaryAccountChangeEvent::Type::kSet
2026-03-10 06:50:26.388: [INFO] RecordSyncInitDuration has_sync_been_enabled: 0 state: 0
2026-03-10 06:50:26.389: [INFO] RecordSyncInitDuration has_sync_been_enabled: 0 state: 0
2026-03-10 06:53:57.737: [INFO] VisibilityChanged: 0
2026-03-10 06:53:57.834: [INFO] BookmarkModelLoaded, ids_reassigned: 0
2026-03-10 06:53:57.834: [INFO] OnDoneLoading sync enabled: 0
2026-03-10 07:21:48.718: [INFO] VisibilityChanged: 0
2026-03-10 07:21:48.851: [INFO] RecordSyncInitDuration has_sync_been_enabled: 0 state: 0
2026-03-10 07:21:48.876: [INFO] BookmarkModelLoaded, ids_reassigned: 0
2026-03-10 07:21:48.876: [INFO] OnDoneLoading sync enabled: 0
2026-03-10 07:21:51.786: [INFO] RecordSyncInitDuration has_sync_been_enabled: 0 state: 0
2026-03-10 07:21:51.789: [INFO] RecordSyncInitDuration has_sync_been_enabled: 0 state: 0
2026-03-10 07:21:51.800: [INFO] Primary account changed.
2026-03-10 07:21:51.800: [INFO] OnPrimaryAccountChanged PrimaryAccountChangeEvent::Type::kSet
2026-03-10 07:21:51.807: [INFO] RecordSyncInitDuration has_sync_been_enabled: 0 state: 0
2026-03-10 07:21:51.809: [INFO] RecordSyncInitDuration has_sync_been_enabled: 0 state: 0
2026-03-10 07:28:06.372: [INFO] VisibilityChanged: 0
2026-03-10 07:28:06.468: [INFO] BookmarkModelLoaded, ids_reassigned: 0
2026-03-10 07:28:06.468: [INFO] OnDoneLoading sync enabled: 0
2026-03-10 07:36:48.497: [INFO] VisibilityChanged: 0
2026-03-10 07:36:48.624: [INFO] BookmarkModelLoaded, ids_reassigned: 0
2026-03-10 07:36:48.624: [INFO] OnDoneLoading sync enabled: 0
2026-03-10 07:36:48.719: [INFO] RecordSyncInitDuration has_sync_been_enabled: 0 state: 0
2026-03-10 07:36:51.121: [INFO] RecordSyncInitDuration has_sync_been_enabled: 0 state: 0
2026-03-10 07:36:51.123: [INFO] RecordSyncInitDuration has_sync_been_enabled: 0 state: 0
2026-03-10 07:36:51.131: [INFO] Primary account changed.
2026-03-10 07:36:51.131: [INFO] OnPrimaryAccountChanged PrimaryAccountChangeEvent::Type::kSet
2026-03-10 07:36:51.137: [INFO] RecordSyncInitDuration has_sync_been_enabled: 0 state: 0
2026-03-10 07:36:51.139: [INFO] RecordSyncInitDuration has_sync_been_enabled: 0 state: 0
2026-03-10 07:44:34.184: [INFO] VisibilityChanged: 0
2026-03-10 07:44:34.279: [INFO] BookmarkModelLoaded, ids_reassigned: 0
2026-03-10 07:44:34.279: [INFO] OnDoneLoading sync enabled: 0
2026-03-10 07:49:39.087: [INFO] VisibilityChanged: 0
2026-03-10 07:49:39.180: [INFO] BookmarkModelLoaded, ids_reassigned: 0
2026-03-10 07:49:39.180: [INFO] OnDoneLoading sync enabled: 0
2026-03-10 07:49:39.184: [INFO] RecordSyncInitDuration has_sync_been_enabled: 0 state: 0
2026-03-10 07:49:41.743: [INFO] RecordSyncInitDuration has_sync_been_enabled: 0 state: 0
2026-03-10 07:49:41.749: [INFO] RecordSyncInitDuration has_sync_been_enabled: 0 state: 0
2026-03-10 07:49:41.757: [INFO] Primary account changed.
2026-03-10 07:49:41.757: [INFO] OnPrimaryAccountChanged PrimaryAccountChangeEvent::Type::kSet
2026-03-10 07:49:41.765: [INFO] RecordSyncInitDuration has_sync_been_enabled: 0 state: 0
2026-03-10 07:49:41.766: [INFO] RecordSyncInitDuration has_sync_been_enabled: 0 state: 0
2026-03-10 07:52:59.754: [INFO] VisibilityChanged: 0
2026-03-10 07:52:59.848: [INFO] BookmarkModelLoaded, ids_reassigned: 0
2026-03-10 07:52:59.848: [INFO] OnDoneLoading sync enabled: 0
2026-03-10 07:58:57.820: [INFO] VisibilityChanged: 0
2026-03-10 07:58:57.912: [INFO] BookmarkModelLoaded, ids_reassigned: 0
2026-03-10 07:58:57.912: [INFO] OnDoneLoading sync enabled: 0
2026-03-10 07:58:57.914: [INFO] RecordSyncInitDuration has_sync_been_enabled: 0 state: 0
2026-03-10 07:59:00.373: [INFO] RecordSyncInitDuration has_sync_been_enabled: 0 state: 0
2026-03-10 07:59:00.375: [INFO] RecordSyncInitDuration has_sync_been_enabled: 0 state: 0
2026-03-10 07:59:00.387: [INFO] Primary account changed.
2026-03-10 07:59:00.387: [INFO] OnPrimaryAccountChanged PrimaryAccountChangeEvent::Type::kSet
2026-03-10 07:59:00.393: [INFO] RecordSyncInitDuration has_sync_been_enabled: 0 state: 0
2026-03-10 07:59:00.395: [INFO] RecordSyncInitDuration has_sync_been_enabled: 0 state: 0
2026-03-10 08:02:15.233: [INFO] VisibilityChanged: 0
2026-03-10 08:02:15.314: [INFO] BookmarkModelLoaded, ids_reassigned: 0
2026-03-10 08:02:15.314: [INFO] OnDoneLoading sync enabled: 0
2026-03-10 08:04:08.025: [INFO] VisibilityChanged: 0
2026-03-10 08:04:08.107: [INFO] BookmarkModelLoaded, ids_reassigned: 0
2026-03-10 08:04:08.107: [INFO] OnDoneLoading sync enabled: 0
2026-03-10 08:04:08.177: [INFO] RecordSyncInitDuration has_sync_been_enabled: 0 state: 0
2026-03-10 08:04:10.333: [INFO] RecordSyncInitDuration has_sync_been_enabled: 0 state: 0
2026-03-10 08:04:10.336: [INFO] RecordSyncInitDuration has_sync_been_enabled: 0 state: 0
2026-03-10 08:04:10.343: [INFO] Primary account changed.
2026-03-10 08:04:10.343: [INFO] OnPrimaryAccountChanged PrimaryAccountChangeEvent::Type::kSet
2026-03-10 08:04:10.348: [INFO] RecordSyncInitDuration has_sync_been_enabled: 0 state: 0
2026-03-10 08:04:10.350: [INFO] RecordSyncInitDuration has_sync_been_enabled: 0 state: 0
2026-03-10 08:06:33.804: [INFO] VisibilityChanged: 0
2026-03-10 08:06:33.887: [INFO] BookmarkModelLoaded, ids_reassigned: 0
2026-03-10 08:06:33.887: [INFO] OnDoneLoading sync enabled: 0
2026-03-10 08:10:59.002: [INFO] VisibilityChanged: 0
2026-03-10 08:10:59.122: [INFO] BookmarkModelLoaded, ids_reassigned: 0
2026-03-10 08:10:59.122: [INFO] OnDoneLoading sync enabled: 0
2026-03-10 08:10:59.129: [INFO] RecordSyncInitDuration has_sync_been_enabled: 0 state: 0
2026-03-10 08:11:01.615: [INFO] RecordSyncInitDuration has_sync_been_enabled: 0 state: 0
2026-03-10 08:11:01.618: [INFO] RecordSyncInitDuration has_sync_been_enabled: 0 state: 0
2026-03-10 08:11:01.624: [INFO] Primary account changed.
2026-03-10 08:11:01.625: [INFO] OnPrimaryAccountChanged PrimaryAccountChangeEvent::Type::kSet
2026-03-10 08:11:01.631: [INFO] RecordSyncInitDuration has_sync_been_enabled: 0 state: 0
2026-03-10 08:11:01.632: [INFO] RecordSyncInitDuration has_sync_been_enabled: 0 state: 0
2026-03-10 08:15:12.328: [INFO] VisibilityChanged: 0
2026-03-10 08:15:12.414: [INFO] BookmarkModelLoaded, ids_reassigned: 0
2026-03-10 08:15:12.414: [INFO] OnDoneLoading sync enabled: 0
2026-03-10 08:37:10.196: [INFO] VisibilityChanged: 0
2026-03-10 08:37:10.298: [INFO] BookmarkModelLoaded, ids_reassigned: 0
2026-03-10 08:37:10.298: [INFO] OnDoneLoading sync enabled: 0
2026-03-10 08:37:10.300: [INFO] RecordSyncInitDuration has_sync_been_enabled: 0 state: 0
2026-03-10 08:37:12.713: [INFO] RecordSyncInitDuration has_sync_been_enabled: 0 state: 0
2026-03-10 08:37:12.716: [INFO] RecordSyncInitDuration has_sync_been_enabled: 0 state: 0
2026-03-10 08:37:12.723: [INFO] Primary account changed.
2026-03-10 08:37:12.723: [INFO] OnPrimaryAccountChanged PrimaryAccountChangeEvent::Type::kSet
2026-03-10 08:37:12.729: [INFO] RecordSyncInitDuration has_sync_been_enabled: 0 state: 0
2026-03-10 08:37:12.730: [INFO] RecordSyncInitDuration has_sync_been_enabled: 0 state: 0
2026-03-10 08:56:00.710: [INFO] VisibilityChanged: 0
2026-03-10 08:56:00.792: [INFO] BookmarkModelLoaded, ids_reassigned: 0
2026-03-10 08:56:00.792: [INFO] OnDoneLoading sync enabled: 0
2026-03-10 09:10:24.690: [INFO] VisibilityChanged: 0
2026-03-10 09:10:24.769: [INFO] BookmarkModelLoaded, ids_reassigned: 0
2026-03-10 09:10:24.769: [INFO] OnDoneLoading sync enabled: 0
2026-03-10 09:10:24.841: [INFO] RecordSyncInitDuration has_sync_been_enabled: 0 state: 0
2026-03-10 09:10:27.121: [INFO] RecordSyncInitDuration has_sync_been_enabled: 0 state: 0
2026-03-10 09:10:27.126: [INFO] RecordSyncInitDuration has_sync_been_enabled: 0 state: 0
2026-03-10 09:10:27.133: [INFO] Primary account changed.
2026-03-10 09:10:27.133: [INFO] OnPrimaryAccountChanged PrimaryAccountChangeEvent::Type::kSet
2026-03-10 09:10:27.139: [INFO] RecordSyncInitDuration has_sync_been_enabled: 0 state: 0
2026-03-10 09:10:27.141: [INFO] RecordSyncInitDuration has_sync_been_enabled: 0 state: 0
2026-03-10 09:33:40.504: [INFO] VisibilityChanged: 0
2026-03-10 09:33:40.587: [INFO] BookmarkModelLoaded, ids_reassigned: 0
2026-03-10 09:33:40.587: [INFO] OnDoneLoading sync enabled: 0
2026-03-10 09:39:10.477: [INFO] VisibilityChanged: 0
2026-03-10 09:39:10.557: [INFO] BookmarkModelLoaded, ids_reassigned: 0
2026-03-10 09:39:10.557: [INFO] OnDoneLoading sync enabled: 0
2026-03-10 09:39:10.623: [INFO] RecordSyncInitDuration has_sync_been_enabled: 0 state: 0
2026-03-10 09:39:12.872: [INFO] RecordSyncInitDuration has_sync_been_enabled: 0 state: 0
2026-03-10 09:39:12.875: [INFO] RecordSyncInitDuration has_sync_been_enabled: 0 state: 0
2026-03-10 09:39:12.886: [INFO] Primary account changed.
2026-03-10 09:39:12.886: [INFO] OnPrimaryAccountChanged PrimaryAccountChangeEvent::Type::kSet
2026-03-10 09:39:12.891: [INFO] RecordSyncInitDuration has_sync_been_enabled: 0 state: 0
2026-03-10 09:39:12.892: [INFO] RecordSyncInitDuration has_sync_been_enabled: 0 state: 0
2026-03-10 09:45:27.464: [INFO] VisibilityChanged: 0
2026-03-10 09:45:27.529: [INFO] BookmarkModelLoaded, ids_reassigned: 0
2026-03-10 09:45:27.529: [INFO] OnDoneLoading sync enabled: 0
2026-03-10 09:51:41.568: [INFO] VisibilityChanged: 0
2026-03-10 09:51:41.665: [INFO] BookmarkModelLoaded, ids_reassigned: 0
2026-03-10 09:51:41.665: [INFO] OnDoneLoading sync enabled: 0
2026-03-10 09:51:41.671: [INFO] RecordSyncInitDuration has_sync_been_enabled: 0 state: 0
2026-03-10 09:51:43.974: [INFO] RecordSyncInitDuration has_sync_been_enabled: 0 state: 0
2026-03-10 09:51:43.977: [INFO] RecordSyncInitDuration has_sync_been_enabled: 0 state: 0
2026-03-10 09:51:43.987: [INFO] Primary account changed.
2026-03-10 09:51:43.987: [INFO] OnPrimaryAccountChanged PrimaryAccountChangeEvent::Type::kSet
2026-03-10 09:51:43.993: [INFO] RecordSyncInitDuration has_sync_been_enabled: 0 state: 0
2026-03-10 09:51:43.994: [INFO] RecordSyncInitDuration has_sync_been_enabled: 0 state: 0
2026-03-10 10:09:48.426: [INFO] VisibilityChanged: 0
2026-03-10 10:09:48.506: [INFO] BookmarkModelLoaded, ids_reassigned: 0
2026-03-10 10:09:48.506: [INFO] OnDoneLoading sync enabled: 0
2026-03-10 10:18:28.413: [INFO] VisibilityChanged: 0
2026-03-10 10:18:28.484: [INFO] BookmarkModelLoaded, ids_reassigned: 0
2026-03-10 10:18:28.484: [INFO] OnDoneLoading sync enabled: 0
2026-03-10 10:18:28.487: [INFO] RecordSyncInitDuration has_sync_been_enabled: 0 state: 0
2026-03-10 10:18:30.485: [INFO] RecordSyncInitDuration has_sync_been_enabled: 0 state: 0
2026-03-10 10:18:30.488: [INFO] RecordSyncInitDuration has_sync_been_enabled: 0 state: 0
2026-03-10 10:18:30.495: [INFO] Primary account changed.
2026-03-10 10:18:30.495: [INFO] OnPrimaryAccountChanged PrimaryAccountChangeEvent::Type::kSet
2026-03-10 10:18:30.501: [INFO] RecordSyncInitDuration has_sync_been_enabled: 0 state: 0
2026-03-10 10:18:30.503: [INFO] RecordSyncInitDuration has_sync_been_enabled: 0 state: 0
2026-03-10 10:34:14.957: [INFO] VisibilityChanged: 0
2026-03-10 10:34:15.026: [INFO] BookmarkModelLoaded, ids_reassigned: 0
2026-03-10 10:34:15.026: [INFO] OnDoneLoading sync enabled: 0
2026-03-10 10:40:02.085: [INFO] VisibilityChanged: 0
2026-03-10 10:40:02.172: [INFO] BookmarkModelLoaded, ids_reassigned: 0
2026-03-10 10:40:02.172: [INFO] OnDoneLoading sync enabled: 0
2026-03-10 10:40:02.173: [INFO] RecordSyncInitDuration has_sync_been_enabled: 0 state: 0
2026-03-10 10:40:04.426: [INFO] RecordSyncInitDuration has_sync_been_enabled: 0 state: 0
2026-03-10 10:40:04.429: [INFO] RecordSyncInitDuration has_sync_been_enabled: 0 state: 0
2026-03-10 10:40:04.438: [INFO] Primary account changed.
2026-03-10 10:40:04.438: [INFO] OnPrimaryAccountChanged PrimaryAccountChangeEvent::Type::kSet
2026-03-10 10:40:04.444: [INFO] RecordSyncInitDuration has_sync_been_enabled: 0 state: 0
2026-03-10 10:40:04.445: [INFO] RecordSyncInitDuration has_sync_been_enabled: 0 state: 0
2026-03-24 06:34:19.684: [INFO] VisibilityChanged: 0
2026-03-24 06:34:19.783: [INFO] BookmarkModelLoaded, ids_reassigned: 0
2026-03-24 06:34:19.783: [INFO] OnDoneLoading sync enabled: 0
2026-03-24 06:39:29.191: [INFO] VisibilityChanged: 0
2026-03-24 06:39:29.282: [INFO] BookmarkModelLoaded, ids_reassigned: 0
2026-03-24 06:39:29.282: [INFO] OnDoneLoading sync enabled: 0
2026-03-24 06:39:29.347: [INFO] RecordSyncInitDuration has_sync_been_enabled: 0 state: 0
2026-03-24 06:39:31.484: [INFO] RecordSyncInitDuration has_sync_been_enabled: 0 state: 0
2026-03-24 06:39:31.487: [INFO] RecordSyncInitDuration has_sync_been_enabled: 0 state: 0
2026-03-24 06:39:31.496: [INFO] Primary account changed.
2026-03-24 06:39:31.496: [INFO] OnPrimaryAccountChanged PrimaryAccountChangeEvent::Type::kSet
2026-03-24 06:39:31.501: [INFO] RecordSyncInitDuration has_sync_been_enabled: 0 state: 0
2026-03-24 06:39:31.503: [INFO] RecordSyncInitDuration has_sync_been_enabled: 0 state: 0
2026-03-24 07:08:49.083: [INFO] VisibilityChanged: 0
2026-03-24 07:08:49.160: [INFO] BookmarkModelLoaded, ids_reassigned: 0
2026-03-24 07:08:49.160: [INFO] OnDoneLoading sync enabled: 0
