{"logTime": "0227/161052", "correlationVector":"","action":"Microsoft.Sync.State.UserActionableError.30Sec", "result":"Error:7"}
{"logTime": "0227/161052", "correlationVector":"","action":"Microsoft.Sync.State.Sign.In.UserActionableError.30Sec", "result":"Error:7"}
{"logTime": "0227/172132", "correlationVector":"","action":"Microsoft.Sync.State.UserActionableError.30Sec", "result":"Error:7"}
{"logTime": "0227/172132", "correlationVector":"","action":"Microsoft.Sync.State.Existing.UserActionableError.30Sec", "result":"Error:7"}
{"logTime": "0227/173455", "correlationVector":"","action":"Microsoft.Sync.State.UserActionableError.30Sec", "result":"Error:7"}
{"logTime": "0227/173455", "correlationVector":"","action":"Microsoft.Sync.State.Sign.In.UserActionableError.30Sec", "result":"Error:7"}
{"logTime": "0227/173525", "correlationVector":"","action":"Microsoft.Sync.State.UserActionableError.1Min", "result":"Error:7"}
{"logTime": "0227/173525", "correlationVector":"","action":"Microsoft.Sync.State.Sign.In.UserActionableError.1Min", "result":"Error:7"}
{"logTime": "0227/173625", "correlationVector":"","action":"Microsoft.Sync.State.UserActionableError.2Min", "result":"Error:7"}
{"logTime": "0227/173625", "correlationVector":"","action":"Microsoft.Sync.State.Sign.In.UserActionableError.2Min", "result":"Error:7"}
{"logTime": "0227/174319", "correlationVector":"","action":"Microsoft.Sync.State.UserActionableError.30Sec", "result":"Error:7"}
{"logTime": "0227/174319", "correlationVector":"","action":"Microsoft.Sync.State.Existing.UserActionableError.30Sec", "result":"Error:7"}
{"logTime": "0227/174349", "correlationVector":"","action":"Microsoft.Sync.State.UserActionableError.1Min", "result":"Error:7"}
{"logTime": "0227/174349", "correlationVector":"","action":"Microsoft.Sync.State.Existing.UserActionableError.1Min", "result":"Error:7"}
{"logTime": "0227/175729", "correlationVector":"","action":"Microsoft.Sync.State.UserActionableError.30Sec", "result":"Error:7"}
{"logTime": "0227/175729", "correlationVector":"","action":"Microsoft.Sync.State.Sign.In.UserActionableError.30Sec", "result":"Error:7"}
{"logTime": "0227/175758", "correlationVector":"","action":"Microsoft.Sync.State.UserActionableError.1Min", "result":"Error:7"}
{"logTime": "0227/175758", "correlationVector":"","action":"Microsoft.Sync.State.Sign.In.UserActionableError.1Min", "result":"Error:7"}
{"logTime": "0227/175858", "correlationVector":"","action":"Microsoft.Sync.State.UserActionableError.2Min", "result":"Error:7"}
{"logTime": "0227/175858", "correlationVector":"","action":"Microsoft.Sync.State.Sign.In.UserActionableError.2Min", "result":"Error:7"}
{"logTime": "0227/180215", "correlationVector":"","action":"Microsoft.Sync.State.UserActionableError.30Sec", "result":"Error:7"}
{"logTime": "0227/180215", "correlationVector":"","action":"Microsoft.Sync.State.Existing.UserActionableError.30Sec", "result":"Error:7"}
{"logTime": "0227/180245", "correlationVector":"","action":"Microsoft.Sync.State.UserActionableError.1Min", "result":"Error:7"}
{"logTime": "0227/180245", "correlationVector":"","action":"Microsoft.Sync.State.Existing.UserActionableError.1Min", "result":"Error:7"}
{"logTime": "0227/181301", "correlationVector":"","action":"Microsoft.Sync.State.UserActionableError.30Sec", "result":"Error:7"}
{"logTime": "0227/181301", "correlationVector":"","action":"Microsoft.Sync.State.Sign.In.UserActionableError.30Sec", "result":"Error:7"}
{"logTime": "0227/181331", "correlationVector":"","action":"Microsoft.Sync.State.UserActionableError.1Min", "result":"Error:7"}
{"logTime": "0227/181331", "correlationVector":"","action":"Microsoft.Sync.State.Sign.In.UserActionableError.1Min", "result":"Error:7"}
{"logTime": "0227/181431", "correlationVector":"","action":"Microsoft.Sync.State.UserActionableError.2Min", "result":"Error:7"}
{"logTime": "0227/181431", "correlationVector":"","action":"Microsoft.Sync.State.Sign.In.UserActionableError.2Min", "result":"Error:7"}
{"logTime": "0227/182033", "correlationVector":"","action":"Microsoft.Sync.State.UserActionableError.30Sec", "result":"Error:7"}
{"logTime": "0227/182033", "correlationVector":"","action":"Microsoft.Sync.State.Existing.UserActionableError.30Sec", "result":"Error:7"}
{"logTime": "0227/182103", "correlationVector":"","action":"Microsoft.Sync.State.UserActionableError.1Min", "result":"Error:7"}
{"logTime": "0227/182103", "correlationVector":"","action":"Microsoft.Sync.State.Existing.UserActionableError.1Min", "result":"Error:7"}
{"logTime": "0227/182203", "correlationVector":"","action":"Microsoft.Sync.State.UserActionableError.2Min", "result":"Error:7"}
{"logTime": "0227/182203", "correlationVector":"","action":"Microsoft.Sync.State.Existing.UserActionableError.2Min", "result":"Error:7"}
{"logTime": "0227/182836", "correlationVector":"","action":"Microsoft.Sync.State.UserActionableError.30Sec", "result":"Error:7"}
{"logTime": "0227/182836", "correlationVector":"","action":"Microsoft.Sync.State.Sign.In.UserActionableError.30Sec", "result":"Error:7"}
{"logTime": "0227/182906", "correlationVector":"","action":"Microsoft.Sync.State.UserActionableError.1Min", "result":"Error:7"}
{"logTime": "0227/182906", "correlationVector":"","action":"Microsoft.Sync.State.Sign.In.UserActionableError.1Min", "result":"Error:7"}
{"logTime": "0227/183006", "correlationVector":"","action":"Microsoft.Sync.State.UserActionableError.2Min", "result":"Error:7"}
{"logTime": "0227/183006", "correlationVector":"","action":"Microsoft.Sync.State.Sign.In.UserActionableError.2Min", "result":"Error:7"}
{"logTime": "0227/183510", "correlationVector":"","action":"Microsoft.Sync.State.UserActionableError.30Sec", "result":"Error:7"}
{"logTime": "0227/183510", "correlationVector":"","action":"Microsoft.Sync.State.Existing.UserActionableError.30Sec", "result":"Error:7"}
{"logTime": "0227/183540", "correlationVector":"","action":"Microsoft.Sync.State.UserActionableError.1Min", "result":"Error:7"}
{"logTime": "0227/183540", "correlationVector":"","action":"Microsoft.Sync.State.Existing.UserActionableError.1Min", "result":"Error:7"}
{"logTime": "0227/183640", "correlationVector":"","action":"Microsoft.Sync.State.UserActionableError.2Min", "result":"Error:7"}
{"logTime": "0227/183640", "correlationVector":"","action":"Microsoft.Sync.State.Existing.UserActionableError.2Min", "result":"Error:7"}
{"logTime": "0227/184256", "correlationVector":"","action":"Microsoft.Sync.State.UserActionableError.30Sec", "result":"Error:7"}
{"logTime": "0227/184256", "correlationVector":"","action":"Microsoft.Sync.State.Sign.In.UserActionableError.30Sec", "result":"Error:7"}
{"logTime": "0227/184326", "correlationVector":"","action":"Microsoft.Sync.State.UserActionableError.1Min", "result":"Error:7"}
{"logTime": "0227/184326", "correlationVector":"","action":"Microsoft.Sync.State.Sign.In.UserActionableError.1Min", "result":"Error:7"}
{"logTime": "0227/184426", "correlationVector":"","action":"Microsoft.Sync.State.UserActionableError.2Min", "result":"Error:7"}
{"logTime": "0227/184426", "correlationVector":"","action":"Microsoft.Sync.State.Sign.In.UserActionableError.2Min", "result":"Error:7"}
{"logTime": "0227/184710", "correlationVector":"","action":"Microsoft.Sync.State.UserActionableError.30Sec", "result":"Error:7"}
{"logTime": "0227/184710", "correlationVector":"","action":"Microsoft.Sync.State.Existing.UserActionableError.30Sec", "result":"Error:7"}
{"logTime": "0227/184740", "correlationVector":"","action":"Microsoft.Sync.State.UserActionableError.1Min", "result":"Error:7"}
{"logTime": "0227/184740", "correlationVector":"","action":"Microsoft.Sync.State.Existing.UserActionableError.1Min", "result":"Error:7"}
{"logTime": "0227/185043", "correlationVector":"","action":"Microsoft.Sync.State.UserActionableError.30Sec", "result":"Error:7"}
{"logTime": "0227/185043", "correlationVector":"","action":"Microsoft.Sync.State.Sign.In.UserActionableError.30Sec", "result":"Error:7"}
{"logTime": "0227/190332", "correlationVector":"","action":"Microsoft.Sync.State.UserActionableError.30Sec", "result":"Error:7"}
{"logTime": "0227/190332", "correlationVector":"","action":"Microsoft.Sync.State.Existing.UserActionableError.30Sec", "result":"Error:7"}
{"logTime": "0227/190402", "correlationVector":"","action":"Microsoft.Sync.State.UserActionableError.1Min", "result":"Error:7"}
{"logTime": "0227/190402", "correlationVector":"","action":"Microsoft.Sync.State.Existing.UserActionableError.1Min", "result":"Error:7"}
{"logTime": "0227/190502", "correlationVector":"","action":"Microsoft.Sync.State.UserActionableError.2Min", "result":"Error:7"}
{"logTime": "0227/190502", "correlationVector":"","action":"Microsoft.Sync.State.Existing.UserActionableError.2Min", "result":"Error:7"}
{"logTime": "0227/190650", "correlationVector":"","action":"Microsoft.Sync.State.UserActionableError.30Sec", "result":"Error:7"}
{"logTime": "0227/190650", "correlationVector":"","action":"Microsoft.Sync.State.Sign.In.UserActionableError.30Sec", "result":"Error:7"}
{"logTime": "0227/190720", "correlationVector":"","action":"Microsoft.Sync.State.UserActionableError.1Min", "result":"Error:7"}
{"logTime": "0227/190720", "correlationVector":"","action":"Microsoft.Sync.State.Sign.In.UserActionableError.1Min", "result":"Error:7"}
{"logTime": "0227/191025", "correlationVector":"","action":"Microsoft.Sync.State.UserActionableError.30Sec", "result":"Error:7"}
{"logTime": "0227/191025", "correlationVector":"","action":"Microsoft.Sync.State.Existing.UserActionableError.30Sec", "result":"Error:7"}
{"logTime": "0227/191055", "correlationVector":"","action":"Microsoft.Sync.State.UserActionableError.1Min", "result":"Error:7"}
{"logTime": "0227/191055", "correlationVector":"","action":"Microsoft.Sync.State.Existing.UserActionableError.1Min", "result":"Error:7"}
{"logTime": "0310/064506", "correlationVector":"","action":"Microsoft.Sync.State.UserActionableError.30Sec", "result":"Error:7"}
{"logTime": "0310/064506", "correlationVector":"","action":"Microsoft.Sync.State.Sign.In.UserActionableError.30Sec", "result":"Error:7"}
{"logTime": "0310/064536", "correlationVector":"","action":"Microsoft.Sync.State.UserActionableError.1Min", "result":"Error:7"}
{"logTime": "0310/064536", "correlationVector":"","action":"Microsoft.Sync.State.Sign.In.UserActionableError.1Min", "result":"Error:7"}
{"logTime": "0310/064910", "correlationVector":"","action":"Microsoft.Sync.State.UserActionableError.30Sec", "result":"Error:7"}
{"logTime": "0310/064910", "correlationVector":"","action":"Microsoft.Sync.State.Existing.UserActionableError.30Sec", "result":"Error:7"}
{"logTime": "0310/065056", "correlationVector":"","action":"Microsoft.Sync.State.UserActionableError.30Sec", "result":"Error:7"}
{"logTime": "0310/065056", "correlationVector":"","action":"Microsoft.Sync.State.Sign.In.UserActionableError.30Sec", "result":"Error:7"}
{"logTime": "0310/065126", "correlationVector":"","action":"Microsoft.Sync.State.UserActionableError.1Min", "result":"Error:7"}
{"logTime": "0310/065126", "correlationVector":"","action":"Microsoft.Sync.State.Sign.In.UserActionableError.1Min", "result":"Error:7"}
{"logTime": "0310/065427", "correlationVector":"","action":"Microsoft.Sync.State.UserActionableError.30Sec", "result":"Error:7"}
{"logTime": "0310/065427", "correlationVector":"","action":"Microsoft.Sync.State.Existing.UserActionableError.30Sec", "result":"Error:7"}
{"logTime": "0310/065457", "correlationVector":"","action":"Microsoft.Sync.State.UserActionableError.1Min", "result":"Error:7"}
{"logTime": "0310/065457", "correlationVector":"","action":"Microsoft.Sync.State.Existing.UserActionableError.1Min", "result":"Error:7"}
{"logTime": "0310/065557", "correlationVector":"","action":"Microsoft.Sync.State.UserActionableError.2Min", "result":"Error:7"}
{"logTime": "0310/065557", "correlationVector":"","action":"Microsoft.Sync.State.Existing.UserActionableError.2Min", "result":"Error:7"}
{"logTime": "0310/065857", "correlationVector":"","action":"Microsoft.Sync.State.UserActionableError.5Min", "result":"Error:7"}
{"logTime": "0310/065857", "correlationVector":"","action":"Microsoft.Sync.State.Existing.UserActionableError.5Min", "result":"Error:7"}
{"logTime": "0310/072221", "correlationVector":"","action":"Microsoft.Sync.State.UserActionableError.30Sec", "result":"Error:7"}
{"logTime": "0310/072221", "correlationVector":"","action":"Microsoft.Sync.State.Sign.In.UserActionableError.30Sec", "result":"Error:7"}
{"logTime": "0310/072251", "correlationVector":"","action":"Microsoft.Sync.State.UserActionableError.1Min", "result":"Error:7"}
{"logTime": "0310/072251", "correlationVector":"","action":"Microsoft.Sync.State.Sign.In.UserActionableError.1Min", "result":"Error:7"}
{"logTime": "0310/072351", "correlationVector":"","action":"Microsoft.Sync.State.UserActionableError.2Min", "result":"Error:7"}
{"logTime": "0310/072351", "correlationVector":"","action":"Microsoft.Sync.State.Sign.In.UserActionableError.2Min", "result":"Error:7"}
{"logTime": "0310/072836", "correlationVector":"","action":"Microsoft.Sync.State.UserActionableError.30Sec", "result":"Error:7"}
{"logTime": "0310/072836", "correlationVector":"","action":"Microsoft.Sync.State.Existing.UserActionableError.30Sec", "result":"Error:7"}
{"logTime": "0310/072906", "correlationVector":"","action":"Microsoft.Sync.State.UserActionableError.1Min", "result":"Error:7"}
{"logTime": "0310/072906", "correlationVector":"","action":"Microsoft.Sync.State.Existing.UserActionableError.1Min", "result":"Error:7"}
{"logTime": "0310/073006", "correlationVector":"","action":"Microsoft.Sync.State.UserActionableError.2Min", "result":"Error:7"}
{"logTime": "0310/073006", "correlationVector":"","action":"Microsoft.Sync.State.Existing.UserActionableError.2Min", "result":"Error:7"}
{"logTime": "0310/073721", "correlationVector":"","action":"Microsoft.Sync.State.UserActionableError.30Sec", "result":"Error:7"}
{"logTime": "0310/073721", "correlationVector":"","action":"Microsoft.Sync.State.Sign.In.UserActionableError.30Sec", "result":"Error:7"}
{"logTime": "0310/073751", "correlationVector":"","action":"Microsoft.Sync.State.UserActionableError.1Min", "result":"Error:7"}
{"logTime": "0310/073751", "correlationVector":"","action":"Microsoft.Sync.State.Sign.In.UserActionableError.1Min", "result":"Error:7"}
{"logTime": "0310/073851", "correlationVector":"","action":"Microsoft.Sync.State.UserActionableError.2Min", "result":"Error:7"}
{"logTime": "0310/073851", "correlationVector":"","action":"Microsoft.Sync.State.Sign.In.UserActionableError.2Min", "result":"Error:7"}
{"logTime": "0310/074504", "correlationVector":"","action":"Microsoft.Sync.State.UserActionableError.30Sec", "result":"Error:7"}
{"logTime": "0310/074504", "correlationVector":"","action":"Microsoft.Sync.State.Existing.UserActionableError.30Sec", "result":"Error:7"}
{"logTime": "0310/074534", "correlationVector":"","action":"Microsoft.Sync.State.UserActionableError.1Min", "result":"Error:7"}
{"logTime": "0310/074534", "correlationVector":"","action":"Microsoft.Sync.State.Existing.UserActionableError.1Min", "result":"Error:7"}
{"logTime": "0310/075011", "correlationVector":"","action":"Microsoft.Sync.State.UserActionableError.30Sec", "result":"Error:7"}
{"logTime": "0310/075011", "correlationVector":"","action":"Microsoft.Sync.State.Sign.In.UserActionableError.30Sec", "result":"Error:7"}
{"logTime": "0310/075329", "correlationVector":"","action":"Microsoft.Sync.State.UserActionableError.30Sec", "result":"Error:7"}
{"logTime": "0310/075329", "correlationVector":"","action":"Microsoft.Sync.State.Existing.UserActionableError.30Sec", "result":"Error:7"}
{"logTime": "0310/075930", "correlationVector":"","action":"Microsoft.Sync.State.UserActionableError.30Sec", "result":"Error:7"}
{"logTime": "0310/075930", "correlationVector":"","action":"Microsoft.Sync.State.Sign.In.UserActionableError.30Sec", "result":"Error:7"}
{"logTime": "0310/080000", "correlationVector":"","action":"Microsoft.Sync.State.UserActionableError.1Min", "result":"Error:7"}
{"logTime": "0310/080000", "correlationVector":"","action":"Microsoft.Sync.State.Sign.In.UserActionableError.1Min", "result":"Error:7"}
{"logTime": "0310/080100", "correlationVector":"","action":"Microsoft.Sync.State.UserActionableError.2Min", "result":"Error:7"}
{"logTime": "0310/080100", "correlationVector":"","action":"Microsoft.Sync.State.Sign.In.UserActionableError.2Min", "result":"Error:7"}
{"logTime": "0310/080245", "correlationVector":"","action":"Microsoft.Sync.State.UserActionableError.30Sec", "result":"Error:7"}
{"logTime": "0310/080245", "correlationVector":"","action":"Microsoft.Sync.State.Existing.UserActionableError.30Sec", "result":"Error:7"}
{"logTime": "0310/080440", "correlationVector":"","action":"Microsoft.Sync.State.UserActionableError.30Sec", "result":"Error:7"}
{"logTime": "0310/080440", "correlationVector":"","action":"Microsoft.Sync.State.Sign.In.UserActionableError.30Sec", "result":"Error:7"}
{"logTime": "0310/080703", "correlationVector":"","action":"Microsoft.Sync.State.UserActionableError.30Sec", "result":"Error:7"}
{"logTime": "0310/080703", "correlationVector":"","action":"Microsoft.Sync.State.Existing.UserActionableError.30Sec", "result":"Error:7"}
{"logTime": "0310/081131", "correlationVector":"","action":"Microsoft.Sync.State.UserActionableError.30Sec", "result":"Error:7"}
{"logTime": "0310/081131", "correlationVector":"","action":"Microsoft.Sync.State.Sign.In.UserActionableError.30Sec", "result":"Error:7"}
{"logTime": "0310/081201", "correlationVector":"","action":"Microsoft.Sync.State.UserActionableError.1Min", "result":"Error:7"}
{"logTime": "0310/081201", "correlationVector":"","action":"Microsoft.Sync.State.Sign.In.UserActionableError.1Min", "result":"Error:7"}
{"logTime": "0310/081542", "correlationVector":"","action":"Microsoft.Sync.State.UserActionableError.30Sec", "result":"Error:7"}
{"logTime": "0310/081542", "correlationVector":"","action":"Microsoft.Sync.State.Existing.UserActionableError.30Sec", "result":"Error:7"}
{"logTime": "0310/081612", "correlationVector":"","action":"Microsoft.Sync.State.UserActionableError.1Min", "result":"Error:7"}
{"logTime": "0310/081612", "correlationVector":"","action":"Microsoft.Sync.State.Existing.UserActionableError.1Min", "result":"Error:7"}
{"logTime": "0310/083742", "correlationVector":"","action":"Microsoft.Sync.State.UserActionableError.30Sec", "result":"Error:7"}
{"logTime": "0310/083742", "correlationVector":"","action":"Microsoft.Sync.State.Sign.In.UserActionableError.30Sec", "result":"Error:7"}
{"logTime": "0310/083812", "correlationVector":"","action":"Microsoft.Sync.State.UserActionableError.1Min", "result":"Error:7"}
{"logTime": "0310/083812", "correlationVector":"","action":"Microsoft.Sync.State.Sign.In.UserActionableError.1Min", "result":"Error:7"}
{"logTime": "0310/085630", "correlationVector":"","action":"Microsoft.Sync.State.UserActionableError.30Sec", "result":"Error:7"}
{"logTime": "0310/085630", "correlationVector":"","action":"Microsoft.Sync.State.Existing.UserActionableError.30Sec", "result":"Error:7"}
{"logTime": "0310/085700", "correlationVector":"","action":"Microsoft.Sync.State.UserActionableError.1Min", "result":"Error:7"}
{"logTime": "0310/085700", "correlationVector":"","action":"Microsoft.Sync.State.Existing.UserActionableError.1Min", "result":"Error:7"}
{"logTime": "0310/085800", "correlationVector":"","action":"Microsoft.Sync.State.UserActionableError.2Min", "result":"Error:7"}
{"logTime": "0310/085800", "correlationVector":"","action":"Microsoft.Sync.State.Existing.UserActionableError.2Min", "result":"Error:7"}
{"logTime": "0310/091057", "correlationVector":"","action":"Microsoft.Sync.State.UserActionableError.30Sec", "result":"Error:7"}
{"logTime": "0310/091057", "correlationVector":"","action":"Microsoft.Sync.State.Sign.In.UserActionableError.30Sec", "result":"Error:7"}
{"logTime": "0310/091127", "correlationVector":"","action":"Microsoft.Sync.State.UserActionableError.1Min", "result":"Error:7"}
{"logTime": "0310/091127", "correlationVector":"","action":"Microsoft.Sync.State.Sign.In.UserActionableError.1Min", "result":"Error:7"}
{"logTime": "0310/091227", "correlationVector":"","action":"Microsoft.Sync.State.UserActionableError.2Min", "result":"Error:7"}
{"logTime": "0310/091227", "correlationVector":"","action":"Microsoft.Sync.State.Sign.In.UserActionableError.2Min", "result":"Error:7"}
{"logTime": "0310/091527", "correlationVector":"","action":"Microsoft.Sync.State.UserActionableError.5Min", "result":"Error:7"}
{"logTime": "0310/091527", "correlationVector":"","action":"Microsoft.Sync.State.Sign.In.UserActionableError.5Min", "result":"Error:7"}
{"logTime": "0310/093410", "correlationVector":"","action":"Microsoft.Sync.State.UserActionableError.30Sec", "result":"Error:7"}
{"logTime": "0310/093410", "correlationVector":"","action":"Microsoft.Sync.State.Existing.UserActionableError.30Sec", "result":"Error:7"}
{"logTime": "0310/093440", "correlationVector":"","action":"Microsoft.Sync.State.UserActionableError.1Min", "result":"Error:7"}
{"logTime": "0310/093440", "correlationVector":"","action":"Microsoft.Sync.State.Existing.UserActionableError.1Min", "result":"Error:7"}
{"logTime": "0310/093540", "correlationVector":"","action":"Microsoft.Sync.State.UserActionableError.2Min", "result":"Error:7"}
{"logTime": "0310/093540", "correlationVector":"","action":"Microsoft.Sync.State.Existing.UserActionableError.2Min", "result":"Error:7"}
{"logTime": "0310/093942", "correlationVector":"","action":"Microsoft.Sync.State.UserActionableError.30Sec", "result":"Error:7"}
{"logTime": "0310/093942", "correlationVector":"","action":"Microsoft.Sync.State.Sign.In.UserActionableError.30Sec", "result":"Error:7"}
{"logTime": "0310/094012", "correlationVector":"","action":"Microsoft.Sync.State.UserActionableError.1Min", "result":"Error:7"}
{"logTime": "0310/094012", "correlationVector":"","action":"Microsoft.Sync.State.Sign.In.UserActionableError.1Min", "result":"Error:7"}
{"logTime": "0310/094112", "correlationVector":"","action":"Microsoft.Sync.State.UserActionableError.2Min", "result":"Error:7"}
{"logTime": "0310/094112", "correlationVector":"","action":"Microsoft.Sync.State.Sign.In.UserActionableError.2Min", "result":"Error:7"}
{"logTime": "0310/094412", "correlationVector":"","action":"Microsoft.Sync.State.UserActionableError.5Min", "result":"Error:7"}
{"logTime": "0310/094412", "correlationVector":"","action":"Microsoft.Sync.State.Sign.In.UserActionableError.5Min", "result":"Error:7"}
{"logTime": "0310/094557", "correlationVector":"","action":"Microsoft.Sync.State.UserActionableError.30Sec", "result":"Error:7"}
{"logTime": "0310/094557", "correlationVector":"","action":"Microsoft.Sync.State.Existing.UserActionableError.30Sec", "result":"Error:7"}
{"logTime": "0310/094627", "correlationVector":"","action":"Microsoft.Sync.State.UserActionableError.1Min", "result":"Error:7"}
{"logTime": "0310/094627", "correlationVector":"","action":"Microsoft.Sync.State.Existing.UserActionableError.1Min", "result":"Error:7"}
{"logTime": "0310/094727", "correlationVector":"","action":"Microsoft.Sync.State.UserActionableError.2Min", "result":"Error:7"}
{"logTime": "0310/094727", "correlationVector":"","action":"Microsoft.Sync.State.Existing.UserActionableError.2Min", "result":"Error:7"}
{"logTime": "0310/095027", "correlationVector":"","action":"Microsoft.Sync.State.UserActionableError.5Min", "result":"Error:7"}
{"logTime": "0310/095027", "correlationVector":"","action":"Microsoft.Sync.State.Existing.UserActionableError.5Min", "result":"Error:7"}
{"logTime": "0310/095213", "correlationVector":"","action":"Microsoft.Sync.State.UserActionableError.30Sec", "result":"Error:7"}
{"logTime": "0310/095213", "correlationVector":"","action":"Microsoft.Sync.State.Sign.In.UserActionableError.30Sec", "result":"Error:7"}
{"logTime": "0310/095243", "correlationVector":"","action":"Microsoft.Sync.State.UserActionableError.1Min", "result":"Error:7"}
{"logTime": "0310/095243", "correlationVector":"","action":"Microsoft.Sync.State.Sign.In.UserActionableError.1Min", "result":"Error:7"}
{"logTime": "0310/095343", "correlationVector":"","action":"Microsoft.Sync.State.UserActionableError.2Min", "result":"Error:7"}
{"logTime": "0310/095343", "correlationVector":"","action":"Microsoft.Sync.State.Sign.In.UserActionableError.2Min", "result":"Error:7"}
{"logTime": "0310/095643", "correlationVector":"","action":"Microsoft.Sync.State.UserActionableError.5Min", "result":"Error:7"}
{"logTime": "0310/095643", "correlationVector":"","action":"Microsoft.Sync.State.Sign.In.UserActionableError.5Min", "result":"Error:7"}
{"logTime": "0310/101018", "correlationVector":"","action":"Microsoft.Sync.State.UserActionableError.30Sec", "result":"Error:7"}
{"logTime": "0310/101018", "correlationVector":"","action":"Microsoft.Sync.State.Existing.UserActionableError.30Sec", "result":"Error:7"}
{"logTime": "0310/101048", "correlationVector":"","action":"Microsoft.Sync.State.UserActionableError.1Min", "result":"Error:7"}
{"logTime": "0310/101048", "correlationVector":"","action":"Microsoft.Sync.State.Existing.UserActionableError.1Min", "result":"Error:7"}
{"logTime": "0310/101148", "correlationVector":"","action":"Microsoft.Sync.State.UserActionableError.2Min", "result":"Error:7"}
{"logTime": "0310/101148", "correlationVector":"","action":"Microsoft.Sync.State.Existing.UserActionableError.2Min", "result":"Error:7"}
{"logTime": "0310/101448", "correlationVector":"","action":"Microsoft.Sync.State.UserActionableError.5Min", "result":"Error:7"}
{"logTime": "0310/101448", "correlationVector":"","action":"Microsoft.Sync.State.Existing.UserActionableError.5Min", "result":"Error:7"}
{"logTime": "0310/101900", "correlationVector":"","action":"Microsoft.Sync.State.UserActionableError.30Sec", "result":"Error:7"}
{"logTime": "0310/101900", "correlationVector":"","action":"Microsoft.Sync.State.Sign.In.UserActionableError.30Sec", "result":"Error:7"}
{"logTime": "0310/101930", "correlationVector":"","action":"Microsoft.Sync.State.UserActionableError.1Min", "result":"Error:7"}
{"logTime": "0310/101930", "correlationVector":"","action":"Microsoft.Sync.State.Sign.In.UserActionableError.1Min", "result":"Error:7"}
{"logTime": "0310/102030", "correlationVector":"","action":"Microsoft.Sync.State.UserActionableError.2Min", "result":"Error:7"}
{"logTime": "0310/102030", "correlationVector":"","action":"Microsoft.Sync.State.Sign.In.UserActionableError.2Min", "result":"Error:7"}
{"logTime": "0310/103444", "correlationVector":"","action":"Microsoft.Sync.State.UserActionableError.30Sec", "result":"Error:7"}
{"logTime": "0310/103444", "correlationVector":"","action":"Microsoft.Sync.State.Existing.UserActionableError.30Sec", "result":"Error:7"}
{"logTime": "0310/103514", "correlationVector":"","action":"Microsoft.Sync.State.UserActionableError.1Min", "result":"Error:7"}
{"logTime": "0310/103514", "correlationVector":"","action":"Microsoft.Sync.State.Existing.UserActionableError.1Min", "result":"Error:7"}
{"logTime": "0310/103614", "correlationVector":"","action":"Microsoft.Sync.State.UserActionableError.2Min", "result":"Error:7"}
{"logTime": "0310/103614", "correlationVector":"","action":"Microsoft.Sync.State.Existing.UserActionableError.2Min", "result":"Error:7"}
{"logTime": "0310/104034", "correlationVector":"","action":"Microsoft.Sync.State.UserActionableError.30Sec", "result":"Error:7"}
{"logTime": "0310/104034", "correlationVector":"","action":"Microsoft.Sync.State.Sign.In.UserActionableError.30Sec", "result":"Error:7"}
{"logTime": "0310/104104", "correlationVector":"","action":"Microsoft.Sync.State.UserActionableError.1Min", "result":"Error:7"}
{"logTime": "0310/104104", "correlationVector":"","action":"Microsoft.Sync.State.Sign.In.UserActionableError.1Min", "result":"Error:7"}
{"logTime": "0310/104204", "correlationVector":"","action":"Microsoft.Sync.State.UserActionableError.2Min", "result":"Error:7"}
{"logTime": "0310/104204", "correlationVector":"","action":"Microsoft.Sync.State.Sign.In.UserActionableError.2Min", "result":"Error:7"}
{"logTime": "0324/063449", "correlationVector":"","action":"Microsoft.Sync.State.UserActionableError.30Sec", "result":"Error:7"}
{"logTime": "0324/063449", "correlationVector":"","action":"Microsoft.Sync.State.Existing.UserActionableError.30Sec", "result":"Error:7"}
{"logTime": "0324/063519", "correlationVector":"","action":"Microsoft.Sync.State.UserActionableError.1Min", "result":"Error:7"}
{"logTime": "0324/063519", "correlationVector":"","action":"Microsoft.Sync.State.Existing.UserActionableError.1Min", "result":"Error:7"}
{"logTime": "0324/063619", "correlationVector":"","action":"Microsoft.Sync.State.UserActionableError.2Min", "result":"Error:7"}
{"logTime": "0324/063619", "correlationVector":"","action":"Microsoft.Sync.State.Existing.UserActionableError.2Min", "result":"Error:7"}
{"logTime": "0324/064001", "correlationVector":"","action":"Microsoft.Sync.State.UserActionableError.30Sec", "result":"Error:7"}
{"logTime": "0324/064001", "correlationVector":"","action":"Microsoft.Sync.State.Sign.In.UserActionableError.30Sec", "result":"Error:7"}
{"logTime": "0324/064031", "correlationVector":"","action":"Microsoft.Sync.State.UserActionableError.1Min", "result":"Error:7"}
{"logTime": "0324/064031", "correlationVector":"","action":"Microsoft.Sync.State.Sign.In.UserActionableError.1Min", "result":"Error:7"}
{"logTime": "0324/064131", "correlationVector":"","action":"Microsoft.Sync.State.UserActionableError.2Min", "result":"Error:7"}
{"logTime": "0324/064131", "correlationVector":"","action":"Microsoft.Sync.State.Sign.In.UserActionableError.2Min", "result":"Error:7"}
{"logTime": "0324/064431", "correlationVector":"","action":"Microsoft.Sync.State.UserActionableError.5Min", "result":"Error:7"}
{"logTime": "0324/064431", "correlationVector":"","action":"Microsoft.Sync.State.Sign.In.UserActionableError.5Min", "result":"Error:7"}
{"logTime": "0324/070918", "correlationVector":"","action":"Microsoft.Sync.State.UserActionableError.30Sec", "result":"Error:7"}
{"logTime": "0324/070918", "correlationVector":"","action":"Microsoft.Sync.State.Existing.UserActionableError.30Sec", "result":"Error:7"}
{"logTime": "0324/070948", "correlationVector":"","action":"Microsoft.Sync.State.UserActionableError.1Min", "result":"Error:7"}
{"logTime": "0324/070948", "correlationVector":"","action":"Microsoft.Sync.State.Existing.UserActionableError.1Min", "result":"Error:7"}
{"logTime": "0324/071048", "correlationVector":"","action":"Microsoft.Sync.State.UserActionableError.2Min", "result":"Error:7"}
{"logTime": "0324/071048", "correlationVector":"","action":"Microsoft.Sync.State.Existing.UserActionableError.2Min", "result":"Error:7"}
