2026-02-27 16:10:19.966: [INFO][Sync] Reset engine, reason: 8
2026-02-27 16:10:19.966: [INFO][Sync] Stopped: Bookmarks
2026-02-27 16:10:19.966: [INFO][Sync] Stopped: Preferences
2026-02-27 16:10:19.966: [INFO][Sync] Stopped: Passwords
2026-02-27 16:10:19.966: [INFO][Sync] Stopped: Autofill Profiles
2026-02-27 16:10:19.966: [INFO][Sync] Stopped: Autofill
2026-02-27 16:10:19.966: [INFO][Sync] Stopped: Extensions
2026-02-27 16:10:19.966: [INFO][Sync] Stopped: Sessions
2026-02-27 16:10:19.966: [INFO][Sync] Stopped: Extension settings
2026-02-27 16:10:19.966: [INFO][Sync] Stopped: History Delete Directives
2026-02-27 16:10:19.966: [INFO][Sync] Stopped: Device Info
2026-02-27 16:10:19.966: [INFO][Sync] Stopped: User Consents
2026-02-27 16:10:19.966: [INFO][Sync] Stopped: Send Tab To Self
2026-02-27 16:10:19.966: [INFO][Sync] Stopped: Web Apps
2026-02-27 16:10:19.966: [INFO][Sync] Stopped: History
2026-02-27 16:10:19.966: [INFO][Sync] Stopped: Saved Tab Group
2026-02-27 16:10:19.966: [INFO][Sync] Stopped: WebAuthn Credentials
2026-02-27 16:10:19.966: [INFO][Sync] Stopped: Collection
2026-02-27 16:10:19.966: [INFO][Sync] Stopped: Edge E Drop
2026-02-27 16:10:19.966: [INFO][Sync] Stopped: Edge Hub App Usage
2026-02-27 16:10:19.966: [INFO][Sync] Stopped: Edge Wallet
2026-02-27 16:10:19.966: [INFO][Sync] Stopped: Edge Workspace
2026-02-27 16:10:19.966: [INFO][Sync] SyncState after authenticated was: NotSignedIn
2026-02-27 16:10:20.374: [INFO][Sync] Reset engine, reason: 8
2026-02-27 16:10:20.374: [INFO][Sync] Stopped: Bookmarks
2026-02-27 16:10:20.374: [INFO][Sync] Stopped: Preferences
2026-02-27 16:10:20.374: [INFO][Sync] Stopped: Passwords
2026-02-27 16:10:20.374: [INFO][Sync] Stopped: Autofill Profiles
2026-02-27 16:10:20.374: [INFO][Sync] Stopped: Autofill
2026-02-27 16:10:20.374: [INFO][Sync] Stopped: Extensions
2026-02-27 16:10:20.374: [INFO][Sync] Stopped: Sessions
2026-02-27 16:10:20.374: [INFO][Sync] Stopped: Extension settings
2026-02-27 16:10:20.374: [INFO][Sync] Stopped: History Delete Directives
2026-02-27 16:10:20.374: [INFO][Sync] Stopped: Device Info
2026-02-27 16:10:20.374: [INFO][Sync] Stopped: User Consents
2026-02-27 16:10:20.374: [INFO][Sync] Stopped: Send Tab To Self
2026-02-27 16:10:20.374: [INFO][Sync] Stopped: Web Apps
2026-02-27 16:10:20.374: [INFO][Sync] Stopped: History
2026-02-27 16:10:20.374: [INFO][Sync] Stopped: Saved Tab Group
2026-02-27 16:10:20.374: [INFO][Sync] Stopped: WebAuthn Credentials
2026-02-27 16:10:20.374: [INFO][Sync] Stopped: Collection
2026-02-27 16:10:20.374: [INFO][Sync] Stopped: Edge E Drop
2026-02-27 16:10:20.374: [INFO][Sync] Stopped: Edge Hub App Usage
2026-02-27 16:10:20.374: [INFO][Sync] Stopped: Edge Wallet
2026-02-27 16:10:20.374: [INFO][Sync] Stopped: Edge Workspace
2026-02-27 16:10:57.097: [INFO][Sync] Reset engine, reason: 0
2026-02-27 17:21:02.376: [INFO][Sync] SyncState after authenticated was: FeatureNotSetup
2026-02-27 17:21:36.596: [INFO][Sync] Reset engine, reason: 0
2026-02-27 17:34:22.367: [INFO][Sync] Reset engine, reason: 8
2026-02-27 17:34:22.367: [INFO][Sync] Stopped: Bookmarks
2026-02-27 17:34:22.367: [INFO][Sync] Stopped: Preferences
2026-02-27 17:34:22.367: [INFO][Sync] Stopped: Passwords
2026-02-27 17:34:22.367: [INFO][Sync] Stopped: Autofill Profiles
2026-02-27 17:34:22.367: [INFO][Sync] Stopped: Autofill
2026-02-27 17:34:22.367: [INFO][Sync] Stopped: Extensions
2026-02-27 17:34:22.367: [INFO][Sync] Stopped: Sessions
2026-02-27 17:34:22.367: [INFO][Sync] Stopped: Extension settings
2026-02-27 17:34:22.367: [INFO][Sync] Stopped: History Delete Directives
2026-02-27 17:34:22.367: [INFO][Sync] Stopped: Device Info
2026-02-27 17:34:22.367: [INFO][Sync] Stopped: User Consents
2026-02-27 17:34:22.367: [INFO][Sync] Stopped: Send Tab To Self
2026-02-27 17:34:22.367: [INFO][Sync] Stopped: Web Apps
2026-02-27 17:34:22.367: [INFO][Sync] Stopped: History
2026-02-27 17:34:22.367: [INFO][Sync] Stopped: Saved Tab Group
2026-02-27 17:34:22.367: [INFO][Sync] Stopped: WebAuthn Credentials
2026-02-27 17:34:22.367: [INFO][Sync] Stopped: Collection
2026-02-27 17:34:22.367: [INFO][Sync] Stopped: Edge E Drop
2026-02-27 17:34:22.367: [INFO][Sync] Stopped: Edge Hub App Usage
2026-02-27 17:34:22.367: [INFO][Sync] Stopped: Edge Wallet
2026-02-27 17:34:22.367: [INFO][Sync] Stopped: Edge Workspace
2026-02-27 17:34:22.368: [INFO][Sync] SyncState after authenticated was: NotSignedIn
2026-02-27 17:34:22.701: [INFO][Sync] Reset engine, reason: 8
2026-02-27 17:34:22.701: [INFO][Sync] Stopped: Bookmarks
2026-02-27 17:34:22.701: [INFO][Sync] Stopped: Preferences
2026-02-27 17:34:22.701: [INFO][Sync] Stopped: Passwords
2026-02-27 17:34:22.701: [INFO][Sync] Stopped: Autofill Profiles
2026-02-27 17:34:22.701: [INFO][Sync] Stopped: Autofill
2026-02-27 17:34:22.701: [INFO][Sync] Stopped: Extensions
2026-02-27 17:34:22.701: [INFO][Sync] Stopped: Sessions
2026-02-27 17:34:22.701: [INFO][Sync] Stopped: Extension settings
2026-02-27 17:34:22.701: [INFO][Sync] Stopped: History Delete Directives
2026-02-27 17:34:22.701: [INFO][Sync] Stopped: Device Info
2026-02-27 17:34:22.701: [INFO][Sync] Stopped: User Consents
2026-02-27 17:34:22.701: [INFO][Sync] Stopped: Send Tab To Self
2026-02-27 17:34:22.701: [INFO][Sync] Stopped: Web Apps
2026-02-27 17:34:22.701: [INFO][Sync] Stopped: History
2026-02-27 17:34:22.701: [INFO][Sync] Stopped: Saved Tab Group
2026-02-27 17:34:22.701: [INFO][Sync] Stopped: WebAuthn Credentials
2026-02-27 17:34:22.701: [INFO][Sync] Stopped: Collection
2026-02-27 17:34:22.701: [INFO][Sync] Stopped: Edge E Drop
2026-02-27 17:34:22.701: [INFO][Sync] Stopped: Edge Hub App Usage
2026-02-27 17:34:22.701: [INFO][Sync] Stopped: Edge Wallet
2026-02-27 17:34:22.701: [INFO][Sync] Stopped: Edge Workspace
2026-02-27 17:38:15.758: [INFO][Sync] Reset engine, reason: 0
2026-02-27 17:42:49.782: [INFO][Sync] SyncState after authenticated was: FeatureNotSetup
2026-02-27 17:44:32.780: [INFO][Sync] Reset engine, reason: 0
2026-02-27 17:56:56.229: [INFO][Sync] Reset engine, reason: 8
2026-02-27 17:56:56.229: [INFO][Sync] Stopped: Bookmarks
2026-02-27 17:56:56.229: [INFO][Sync] Stopped: Preferences
2026-02-27 17:56:56.229: [INFO][Sync] Stopped: Passwords
2026-02-27 17:56:56.229: [INFO][Sync] Stopped: Autofill Profiles
2026-02-27 17:56:56.229: [INFO][Sync] Stopped: Autofill
2026-02-27 17:56:56.229: [INFO][Sync] Stopped: Extensions
2026-02-27 17:56:56.229: [INFO][Sync] Stopped: Sessions
2026-02-27 17:56:56.229: [INFO][Sync] Stopped: Extension settings
2026-02-27 17:56:56.229: [INFO][Sync] Stopped: History Delete Directives
2026-02-27 17:56:56.229: [INFO][Sync] Stopped: Device Info
2026-02-27 17:56:56.229: [INFO][Sync] Stopped: User Consents
2026-02-27 17:56:56.229: [INFO][Sync] Stopped: Send Tab To Self
2026-02-27 17:56:56.229: [INFO][Sync] Stopped: Web Apps
2026-02-27 17:56:56.229: [INFO][Sync] Stopped: History
2026-02-27 17:56:56.229: [INFO][Sync] Stopped: Saved Tab Group
2026-02-27 17:56:56.229: [INFO][Sync] Stopped: WebAuthn Credentials
2026-02-27 17:56:56.229: [INFO][Sync] Stopped: Collection
2026-02-27 17:56:56.229: [INFO][Sync] Stopped: Edge E Drop
2026-02-27 17:56:56.229: [INFO][Sync] Stopped: Edge Hub App Usage
2026-02-27 17:56:56.229: [INFO][Sync] Stopped: Edge Wallet
2026-02-27 17:56:56.229: [INFO][Sync] Stopped: Edge Workspace
2026-02-27 17:56:56.229: [INFO][Sync] SyncState after authenticated was: NotSignedIn
2026-02-27 17:56:56.554: [INFO][Sync] Reset engine, reason: 8
2026-02-27 17:56:56.554: [INFO][Sync] Stopped: Bookmarks
2026-02-27 17:56:56.554: [INFO][Sync] Stopped: Preferences
2026-02-27 17:56:56.554: [INFO][Sync] Stopped: Passwords
2026-02-27 17:56:56.554: [INFO][Sync] Stopped: Autofill Profiles
2026-02-27 17:56:56.554: [INFO][Sync] Stopped: Autofill
2026-02-27 17:56:56.554: [INFO][Sync] Stopped: Extensions
2026-02-27 17:56:56.554: [INFO][Sync] Stopped: Sessions
2026-02-27 17:56:56.554: [INFO][Sync] Stopped: Extension settings
2026-02-27 17:56:56.554: [INFO][Sync] Stopped: History Delete Directives
2026-02-27 17:56:56.554: [INFO][Sync] Stopped: Device Info
2026-02-27 17:56:56.554: [INFO][Sync] Stopped: User Consents
2026-02-27 17:56:56.555: [INFO][Sync] Stopped: Send Tab To Self
2026-02-27 17:56:56.555: [INFO][Sync] Stopped: Web Apps
2026-02-27 17:56:56.555: [INFO][Sync] Stopped: History
2026-02-27 17:56:56.555: [INFO][Sync] Stopped: Saved Tab Group
2026-02-27 17:56:56.555: [INFO][Sync] Stopped: WebAuthn Credentials
2026-02-27 17:56:56.555: [INFO][Sync] Stopped: Collection
2026-02-27 17:56:56.555: [INFO][Sync] Stopped: Edge E Drop
2026-02-27 17:56:56.555: [INFO][Sync] Stopped: Edge Hub App Usage
2026-02-27 17:56:56.555: [INFO][Sync] Stopped: Edge Wallet
2026-02-27 17:56:56.555: [INFO][Sync] Stopped: Edge Workspace
2026-02-27 17:59:15.773: [INFO][Sync] Reset engine, reason: 0
2026-02-27 18:01:45.214: [INFO][Sync] SyncState after authenticated was: FeatureNotSetup
2026-02-27 18:03:16.355: [INFO][Sync] Reset engine, reason: 0
2026-02-27 18:12:29.280: [INFO][Sync] Reset engine, reason: 8
2026-02-27 18:12:29.280: [INFO][Sync] Stopped: Bookmarks
2026-02-27 18:12:29.280: [INFO][Sync] Stopped: Preferences
2026-02-27 18:12:29.280: [INFO][Sync] Stopped: Passwords
2026-02-27 18:12:29.280: [INFO][Sync] Stopped: Autofill Profiles
2026-02-27 18:12:29.280: [INFO][Sync] Stopped: Autofill
2026-02-27 18:12:29.280: [INFO][Sync] Stopped: Extensions
2026-02-27 18:12:29.280: [INFO][Sync] Stopped: Sessions
2026-02-27 18:12:29.280: [INFO][Sync] Stopped: Extension settings
2026-02-27 18:12:29.280: [INFO][Sync] Stopped: History Delete Directives
2026-02-27 18:12:29.280: [INFO][Sync] Stopped: Device Info
2026-02-27 18:12:29.280: [INFO][Sync] Stopped: User Consents
2026-02-27 18:12:29.280: [INFO][Sync] Stopped: Send Tab To Self
2026-02-27 18:12:29.280: [INFO][Sync] Stopped: Web Apps
2026-02-27 18:12:29.280: [INFO][Sync] Stopped: History
2026-02-27 18:12:29.280: [INFO][Sync] Stopped: Saved Tab Group
2026-02-27 18:12:29.280: [INFO][Sync] Stopped: WebAuthn Credentials
2026-02-27 18:12:29.280: [INFO][Sync] Stopped: Collection
2026-02-27 18:12:29.280: [INFO][Sync] Stopped: Edge E Drop
2026-02-27 18:12:29.280: [INFO][Sync] Stopped: Edge Hub App Usage
2026-02-27 18:12:29.280: [INFO][Sync] Stopped: Edge Wallet
2026-02-27 18:12:29.280: [INFO][Sync] Stopped: Edge Workspace
2026-02-27 18:12:29.280: [INFO][Sync] SyncState after authenticated was: NotSignedIn
2026-02-27 18:12:29.576: [INFO][Sync] Reset engine, reason: 8
2026-02-27 18:12:29.576: [INFO][Sync] Stopped: Bookmarks
2026-02-27 18:12:29.576: [INFO][Sync] Stopped: Preferences
2026-02-27 18:12:29.576: [INFO][Sync] Stopped: Passwords
2026-02-27 18:12:29.576: [INFO][Sync] Stopped: Autofill Profiles
2026-02-27 18:12:29.576: [INFO][Sync] Stopped: Autofill
2026-02-27 18:12:29.576: [INFO][Sync] Stopped: Extensions
2026-02-27 18:12:29.576: [INFO][Sync] Stopped: Sessions
2026-02-27 18:12:29.576: [INFO][Sync] Stopped: Extension settings
2026-02-27 18:12:29.576: [INFO][Sync] Stopped: History Delete Directives
2026-02-27 18:12:29.576: [INFO][Sync] Stopped: Device Info
2026-02-27 18:12:29.576: [INFO][Sync] Stopped: User Consents
2026-02-27 18:12:29.576: [INFO][Sync] Stopped: Send Tab To Self
2026-02-27 18:12:29.576: [INFO][Sync] Stopped: Web Apps
2026-02-27 18:12:29.576: [INFO][Sync] Stopped: History
2026-02-27 18:12:29.576: [INFO][Sync] Stopped: Saved Tab Group
2026-02-27 18:12:29.576: [INFO][Sync] Stopped: WebAuthn Credentials
2026-02-27 18:12:29.576: [INFO][Sync] Stopped: Collection
2026-02-27 18:12:29.576: [INFO][Sync] Stopped: Edge E Drop
2026-02-27 18:12:29.576: [INFO][Sync] Stopped: Edge Hub App Usage
2026-02-27 18:12:29.576: [INFO][Sync] Stopped: Edge Wallet
2026-02-27 18:12:29.576: [INFO][Sync] Stopped: Edge Workspace
2026-02-27 18:14:45.683: [INFO][Sync] Reset engine, reason: 0
2026-02-27 18:20:03.495: [INFO][Sync] SyncState after authenticated was: FeatureNotSetup
2026-02-27 18:22:44.477: [INFO][Sync] Reset engine, reason: 0
2026-02-27 18:28:03.626: [INFO][Sync] Reset engine, reason: 8
2026-02-27 18:28:03.626: [INFO][Sync] Stopped: Bookmarks
2026-02-27 18:28:03.626: [INFO][Sync] Stopped: Preferences
2026-02-27 18:28:03.626: [INFO][Sync] Stopped: Passwords
2026-02-27 18:28:03.626: [INFO][Sync] Stopped: Autofill Profiles
2026-02-27 18:28:03.626: [INFO][Sync] Stopped: Autofill
2026-02-27 18:28:03.626: [INFO][Sync] Stopped: Extensions
2026-02-27 18:28:03.626: [INFO][Sync] Stopped: Sessions
2026-02-27 18:28:03.626: [INFO][Sync] Stopped: Extension settings
2026-02-27 18:28:03.626: [INFO][Sync] Stopped: History Delete Directives
2026-02-27 18:28:03.626: [INFO][Sync] Stopped: Device Info
2026-02-27 18:28:03.626: [INFO][Sync] Stopped: User Consents
2026-02-27 18:28:03.626: [INFO][Sync] Stopped: Send Tab To Self
2026-02-27 18:28:03.626: [INFO][Sync] Stopped: Web Apps
2026-02-27 18:28:03.626: [INFO][Sync] Stopped: History
2026-02-27 18:28:03.626: [INFO][Sync] Stopped: Saved Tab Group
2026-02-27 18:28:03.626: [INFO][Sync] Stopped: WebAuthn Credentials
2026-02-27 18:28:03.626: [INFO][Sync] Stopped: Collection
2026-02-27 18:28:03.626: [INFO][Sync] Stopped: Edge E Drop
2026-02-27 18:28:03.626: [INFO][Sync] Stopped: Edge Hub App Usage
2026-02-27 18:28:03.626: [INFO][Sync] Stopped: Edge Wallet
2026-02-27 18:28:03.626: [INFO][Sync] Stopped: Edge Workspace
2026-02-27 18:28:03.626: [INFO][Sync] SyncState after authenticated was: NotSignedIn
2026-02-27 18:28:03.946: [INFO][Sync] Reset engine, reason: 8
2026-02-27 18:28:03.946: [INFO][Sync] Stopped: Bookmarks
2026-02-27 18:28:03.946: [INFO][Sync] Stopped: Preferences
2026-02-27 18:28:03.946: [INFO][Sync] Stopped: Passwords
2026-02-27 18:28:03.946: [INFO][Sync] Stopped: Autofill Profiles
2026-02-27 18:28:03.946: [INFO][Sync] Stopped: Autofill
2026-02-27 18:28:03.946: [INFO][Sync] Stopped: Extensions
2026-02-27 18:28:03.946: [INFO][Sync] Stopped: Sessions
2026-02-27 18:28:03.946: [INFO][Sync] Stopped: Extension settings
2026-02-27 18:28:03.946: [INFO][Sync] Stopped: History Delete Directives
2026-02-27 18:28:03.946: [INFO][Sync] Stopped: Device Info
2026-02-27 18:28:03.946: [INFO][Sync] Stopped: User Consents
2026-02-27 18:28:03.946: [INFO][Sync] Stopped: Send Tab To Self
2026-02-27 18:28:03.946: [INFO][Sync] Stopped: Web Apps
2026-02-27 18:28:03.946: [INFO][Sync] Stopped: History
2026-02-27 18:28:03.946: [INFO][Sync] Stopped: Saved Tab Group
2026-02-27 18:28:03.946: [INFO][Sync] Stopped: WebAuthn Credentials
2026-02-27 18:28:03.946: [INFO][Sync] Stopped: Collection
2026-02-27 18:28:03.946: [INFO][Sync] Stopped: Edge E Drop
2026-02-27 18:28:03.946: [INFO][Sync] Stopped: Edge Hub App Usage
2026-02-27 18:28:03.946: [INFO][Sync] Stopped: Edge Wallet
2026-02-27 18:28:03.946: [INFO][Sync] Stopped: Edge Workspace
2026-02-27 18:30:25.114: [INFO][Sync] Reset engine, reason: 0
2026-02-27 18:34:39.836: [INFO][Sync] SyncState after authenticated was: FeatureNotSetup
2026-02-27 18:37:51.630: [INFO][Sync] Reset engine, reason: 0
2026-02-27 18:42:23.338: [INFO][Sync] Reset engine, reason: 8
2026-02-27 18:42:23.338: [INFO][Sync] Stopped: Bookmarks
2026-02-27 18:42:23.338: [INFO][Sync] Stopped: Preferences
2026-02-27 18:42:23.338: [INFO][Sync] Stopped: Passwords
2026-02-27 18:42:23.338: [INFO][Sync] Stopped: Autofill Profiles
2026-02-27 18:42:23.338: [INFO][Sync] Stopped: Autofill
2026-02-27 18:42:23.338: [INFO][Sync] Stopped: Extensions
2026-02-27 18:42:23.338: [INFO][Sync] Stopped: Sessions
2026-02-27 18:42:23.338: [INFO][Sync] Stopped: Extension settings
2026-02-27 18:42:23.338: [INFO][Sync] Stopped: History Delete Directives
2026-02-27 18:42:23.338: [INFO][Sync] Stopped: Device Info
2026-02-27 18:42:23.338: [INFO][Sync] Stopped: User Consents
2026-02-27 18:42:23.338: [INFO][Sync] Stopped: Send Tab To Self
2026-02-27 18:42:23.338: [INFO][Sync] Stopped: Web Apps
2026-02-27 18:42:23.338: [INFO][Sync] Stopped: History
2026-02-27 18:42:23.338: [INFO][Sync] Stopped: Saved Tab Group
2026-02-27 18:42:23.338: [INFO][Sync] Stopped: WebAuthn Credentials
2026-02-27 18:42:23.338: [INFO][Sync] Stopped: Collection
2026-02-27 18:42:23.339: [INFO][Sync] Stopped: Edge E Drop
2026-02-27 18:42:23.339: [INFO][Sync] Stopped: Edge Hub App Usage
2026-02-27 18:42:23.339: [INFO][Sync] Stopped: Edge Wallet
2026-02-27 18:42:23.339: [INFO][Sync] Stopped: Edge Workspace
2026-02-27 18:42:23.339: [INFO][Sync] SyncState after authenticated was: NotSignedIn
2026-02-27 18:42:23.633: [INFO][Sync] Reset engine, reason: 8
2026-02-27 18:42:23.633: [INFO][Sync] Stopped: Bookmarks
2026-02-27 18:42:23.633: [INFO][Sync] Stopped: Preferences
2026-02-27 18:42:23.633: [INFO][Sync] Stopped: Passwords
2026-02-27 18:42:23.633: [INFO][Sync] Stopped: Autofill Profiles
2026-02-27 18:42:23.633: [INFO][Sync] Stopped: Autofill
2026-02-27 18:42:23.633: [INFO][Sync] Stopped: Extensions
2026-02-27 18:42:23.633: [INFO][Sync] Stopped: Sessions
2026-02-27 18:42:23.633: [INFO][Sync] Stopped: Extension settings
2026-02-27 18:42:23.633: [INFO][Sync] Stopped: History Delete Directives
2026-02-27 18:42:23.633: [INFO][Sync] Stopped: Device Info
2026-02-27 18:42:23.633: [INFO][Sync] Stopped: User Consents
2026-02-27 18:42:23.633: [INFO][Sync] Stopped: Send Tab To Self
2026-02-27 18:42:23.633: [INFO][Sync] Stopped: Web Apps
2026-02-27 18:42:23.633: [INFO][Sync] Stopped: History
2026-02-27 18:42:23.633: [INFO][Sync] Stopped: Saved Tab Group
2026-02-27 18:42:23.633: [INFO][Sync] Stopped: WebAuthn Credentials
2026-02-27 18:42:23.633: [INFO][Sync] Stopped: Collection
2026-02-27 18:42:23.633: [INFO][Sync] Stopped: Edge E Drop
2026-02-27 18:42:23.633: [INFO][Sync] Stopped: Edge Hub App Usage
2026-02-27 18:42:23.633: [INFO][Sync] Stopped: Edge Wallet
2026-02-27 18:42:23.633: [INFO][Sync] Stopped: Edge Workspace
2026-02-27 18:45:45.117: [INFO][Sync] Reset engine, reason: 0
2026-02-27 18:46:39.934: [INFO][Sync] SyncState after authenticated was: FeatureNotSetup
2026-02-27 18:48:30.903: [INFO][Sync] Reset engine, reason: 0
2026-02-27 18:50:10.484: [INFO][Sync] Reset engine, reason: 8
2026-02-27 18:50:10.484: [INFO][Sync] Stopped: Bookmarks
2026-02-27 18:50:10.484: [INFO][Sync] Stopped: Preferences
2026-02-27 18:50:10.484: [INFO][Sync] Stopped: Passwords
2026-02-27 18:50:10.484: [INFO][Sync] Stopped: Autofill Profiles
2026-02-27 18:50:10.484: [INFO][Sync] Stopped: Autofill
2026-02-27 18:50:10.484: [INFO][Sync] Stopped: Extensions
2026-02-27 18:50:10.484: [INFO][Sync] Stopped: Sessions
2026-02-27 18:50:10.484: [INFO][Sync] Stopped: Extension settings
2026-02-27 18:50:10.484: [INFO][Sync] Stopped: History Delete Directives
2026-02-27 18:50:10.484: [INFO][Sync] Stopped: Device Info
2026-02-27 18:50:10.484: [INFO][Sync] Stopped: User Consents
2026-02-27 18:50:10.484: [INFO][Sync] Stopped: Send Tab To Self
2026-02-27 18:50:10.484: [INFO][Sync] Stopped: Web Apps
2026-02-27 18:50:10.484: [INFO][Sync] Stopped: History
2026-02-27 18:50:10.484: [INFO][Sync] Stopped: Saved Tab Group
2026-02-27 18:50:10.484: [INFO][Sync] Stopped: WebAuthn Credentials
2026-02-27 18:50:10.484: [INFO][Sync] Stopped: Collection
2026-02-27 18:50:10.484: [INFO][Sync] Stopped: Edge E Drop
2026-02-27 18:50:10.484: [INFO][Sync] Stopped: Edge Hub App Usage
2026-02-27 18:50:10.484: [INFO][Sync] Stopped: Edge Wallet
2026-02-27 18:50:10.484: [INFO][Sync] Stopped: Edge Workspace
2026-02-27 18:50:10.485: [INFO][Sync] SyncState after authenticated was: NotSignedIn
2026-02-27 18:50:10.787: [INFO][Sync] Reset engine, reason: 8
2026-02-27 18:50:10.787: [INFO][Sync] Stopped: Bookmarks
2026-02-27 18:50:10.787: [INFO][Sync] Stopped: Preferences
2026-02-27 18:50:10.787: [INFO][Sync] Stopped: Passwords
2026-02-27 18:50:10.787: [INFO][Sync] Stopped: Autofill Profiles
2026-02-27 18:50:10.787: [INFO][Sync] Stopped: Autofill
2026-02-27 18:50:10.787: [INFO][Sync] Stopped: Extensions
2026-02-27 18:50:10.787: [INFO][Sync] Stopped: Sessions
2026-02-27 18:50:10.787: [INFO][Sync] Stopped: Extension settings
2026-02-27 18:50:10.787: [INFO][Sync] Stopped: History Delete Directives
2026-02-27 18:50:10.787: [INFO][Sync] Stopped: Device Info
2026-02-27 18:50:10.787: [INFO][Sync] Stopped: User Consents
2026-02-27 18:50:10.787: [INFO][Sync] Stopped: Send Tab To Self
2026-02-27 18:50:10.787: [INFO][Sync] Stopped: Web Apps
2026-02-27 18:50:10.787: [INFO][Sync] Stopped: History
2026-02-27 18:50:10.787: [INFO][Sync] Stopped: Saved Tab Group
2026-02-27 18:50:10.787: [INFO][Sync] Stopped: WebAuthn Credentials
2026-02-27 18:50:10.787: [INFO][Sync] Stopped: Collection
2026-02-27 18:50:10.787: [INFO][Sync] Stopped: Edge E Drop
2026-02-27 18:50:10.787: [INFO][Sync] Stopped: Edge Hub App Usage
2026-02-27 18:50:10.787: [INFO][Sync] Stopped: Edge Wallet
2026-02-27 18:50:10.787: [INFO][Sync] Stopped: Edge Workspace
2026-02-27 18:51:05.377: [INFO][Sync] Reset engine, reason: 0
2026-02-27 19:03:02.482: [INFO][Sync] SyncState after authenticated was: FeatureNotSetup
2026-02-27 19:05:17.436: [INFO][Sync] Reset engine, reason: 0
2026-02-27 19:06:17.586: [INFO][Sync] Reset engine, reason: 8
2026-02-27 19:06:17.586: [INFO][Sync] Stopped: Bookmarks
2026-02-27 19:06:17.586: [INFO][Sync] Stopped: Preferences
2026-02-27 19:06:17.586: [INFO][Sync] Stopped: Passwords
2026-02-27 19:06:17.586: [INFO][Sync] Stopped: Autofill Profiles
2026-02-27 19:06:17.586: [INFO][Sync] Stopped: Autofill
2026-02-27 19:06:17.586: [INFO][Sync] Stopped: Extensions
2026-02-27 19:06:17.586: [INFO][Sync] Stopped: Sessions
2026-02-27 19:06:17.586: [INFO][Sync] Stopped: Extension settings
2026-02-27 19:06:17.586: [INFO][Sync] Stopped: History Delete Directives
2026-02-27 19:06:17.586: [INFO][Sync] Stopped: Device Info
2026-02-27 19:06:17.586: [INFO][Sync] Stopped: User Consents
2026-02-27 19:06:17.586: [INFO][Sync] Stopped: Send Tab To Self
2026-02-27 19:06:17.586: [INFO][Sync] Stopped: Web Apps
2026-02-27 19:06:17.586: [INFO][Sync] Stopped: History
2026-02-27 19:06:17.586: [INFO][Sync] Stopped: Saved Tab Group
2026-02-27 19:06:17.586: [INFO][Sync] Stopped: WebAuthn Credentials
2026-02-27 19:06:17.586: [INFO][Sync] Stopped: Collection
2026-02-27 19:06:17.586: [INFO][Sync] Stopped: Edge E Drop
2026-02-27 19:06:17.586: [INFO][Sync] Stopped: Edge Hub App Usage
2026-02-27 19:06:17.586: [INFO][Sync] Stopped: Edge Wallet
2026-02-27 19:06:17.586: [INFO][Sync] Stopped: Edge Workspace
2026-02-27 19:06:17.587: [INFO][Sync] SyncState after authenticated was: NotSignedIn
2026-02-27 19:06:17.876: [INFO][Sync] Reset engine, reason: 8
2026-02-27 19:06:17.876: [INFO][Sync] Stopped: Bookmarks
2026-02-27 19:06:17.876: [INFO][Sync] Stopped: Preferences
2026-02-27 19:06:17.876: [INFO][Sync] Stopped: Passwords
2026-02-27 19:06:17.876: [INFO][Sync] Stopped: Autofill Profiles
2026-02-27 19:06:17.876: [INFO][Sync] Stopped: Autofill
2026-02-27 19:06:17.876: [INFO][Sync] Stopped: Extensions
2026-02-27 19:06:17.876: [INFO][Sync] Stopped: Sessions
2026-02-27 19:06:17.876: [INFO][Sync] Stopped: Extension settings
2026-02-27 19:06:17.876: [INFO][Sync] Stopped: History Delete Directives
2026-02-27 19:06:17.876: [INFO][Sync] Stopped: Device Info
2026-02-27 19:06:17.877: [INFO][Sync] Stopped: User Consents
2026-02-27 19:06:17.877: [INFO][Sync] Stopped: Send Tab To Self
2026-02-27 19:06:17.877: [INFO][Sync] Stopped: Web Apps
2026-02-27 19:06:17.877: [INFO][Sync] Stopped: History
2026-02-27 19:06:17.877: [INFO][Sync] Stopped: Saved Tab Group
2026-02-27 19:06:17.877: [INFO][Sync] Stopped: WebAuthn Credentials
2026-02-27 19:06:17.877: [INFO][Sync] Stopped: Collection
2026-02-27 19:06:17.877: [INFO][Sync] Stopped: Edge E Drop
2026-02-27 19:06:17.877: [INFO][Sync] Stopped: Edge Hub App Usage
2026-02-27 19:06:17.877: [INFO][Sync] Stopped: Edge Wallet
2026-02-27 19:06:17.877: [INFO][Sync] Stopped: Edge Workspace
2026-02-27 19:07:30.640: [INFO][Sync] Reset engine, reason: 0
2026-02-27 19:09:54.958: [INFO][Sync] SyncState after authenticated was: FeatureNotSetup
2026-02-27 19:11:32.793: [INFO][Sync] Reset engine, reason: 0
2026-03-10 06:44:32.584: [INFO][Sync] Reset engine, reason: 8
2026-03-10 06:44:32.584: [INFO][Sync] Stopped: Bookmarks
2026-03-10 06:44:32.584: [INFO][Sync] Stopped: Preferences
2026-03-10 06:44:32.584: [INFO][Sync] Stopped: Passwords
2026-03-10 06:44:32.584: [INFO][Sync] Stopped: Autofill Profiles
2026-03-10 06:44:32.584: [INFO][Sync] Stopped: Autofill
2026-03-10 06:44:32.584: [INFO][Sync] Stopped: Extensions
2026-03-10 06:44:32.584: [INFO][Sync] Stopped: Sessions
2026-03-10 06:44:32.584: [INFO][Sync] Stopped: Extension settings
2026-03-10 06:44:32.584: [INFO][Sync] Stopped: History Delete Directives
2026-03-10 06:44:32.584: [INFO][Sync] Stopped: Device Info
2026-03-10 06:44:32.584: [INFO][Sync] Stopped: User Consents
2026-03-10 06:44:32.584: [INFO][Sync] Stopped: Send Tab To Self
2026-03-10 06:44:32.584: [INFO][Sync] Stopped: Web Apps
2026-03-10 06:44:32.584: [INFO][Sync] Stopped: History
2026-03-10 06:44:32.584: [INFO][Sync] Stopped: Saved Tab Group
2026-03-10 06:44:32.584: [INFO][Sync] Stopped: WebAuthn Credentials
2026-03-10 06:44:32.584: [INFO][Sync] Stopped: Collection
2026-03-10 06:44:32.584: [INFO][Sync] Stopped: Edge E Drop
2026-03-10 06:44:32.584: [INFO][Sync] Stopped: Edge Hub App Usage
2026-03-10 06:44:32.584: [INFO][Sync] Stopped: Edge Wallet
2026-03-10 06:44:32.584: [INFO][Sync] Stopped: Edge Workspace
2026-03-10 06:44:32.584: [INFO][Sync] SyncState after authenticated was: NotSignedIn
2026-03-10 06:44:33.065: [INFO][Sync] Reset engine, reason: 8
2026-03-10 06:44:33.065: [INFO][Sync] Stopped: Bookmarks
2026-03-10 06:44:33.065: [INFO][Sync] Stopped: Preferences
2026-03-10 06:44:33.065: [INFO][Sync] Stopped: Passwords
2026-03-10 06:44:33.065: [INFO][Sync] Stopped: Autofill Profiles
2026-03-10 06:44:33.065: [INFO][Sync] Stopped: Autofill
2026-03-10 06:44:33.065: [INFO][Sync] Stopped: Extensions
2026-03-10 06:44:33.065: [INFO][Sync] Stopped: Sessions
2026-03-10 06:44:33.065: [INFO][Sync] Stopped: Extension settings
2026-03-10 06:44:33.065: [INFO][Sync] Stopped: History Delete Directives
2026-03-10 06:44:33.065: [INFO][Sync] Stopped: Device Info
2026-03-10 06:44:33.065: [INFO][Sync] Stopped: User Consents
2026-03-10 06:44:33.065: [INFO][Sync] Stopped: Send Tab To Self
2026-03-10 06:44:33.065: [INFO][Sync] Stopped: Web Apps
2026-03-10 06:44:33.065: [INFO][Sync] Stopped: History
2026-03-10 06:44:33.065: [INFO][Sync] Stopped: Saved Tab Group
2026-03-10 06:44:33.065: [INFO][Sync] Stopped: WebAuthn Credentials
2026-03-10 06:44:33.065: [INFO][Sync] Stopped: Collection
2026-03-10 06:44:33.065: [INFO][Sync] Stopped: Edge E Drop
2026-03-10 06:44:33.065: [INFO][Sync] Stopped: Edge Hub App Usage
2026-03-10 06:44:33.065: [INFO][Sync] Stopped: Edge Wallet
2026-03-10 06:44:33.065: [INFO][Sync] Stopped: Edge Workspace
2026-03-10 06:46:27.834: [INFO][Sync] Reset engine, reason: 0
2026-03-10 06:48:39.933: [INFO][Sync] SyncState after authenticated was: FeatureNotSetup
2026-03-10 06:50:23.684: [INFO][Sync] Reset engine, reason: 8
2026-03-10 06:50:23.684: [INFO][Sync] Stopped: Bookmarks
2026-03-10 06:50:23.684: [INFO][Sync] Stopped: Preferences
2026-03-10 06:50:23.684: [INFO][Sync] Stopped: Passwords
2026-03-10 06:50:23.684: [INFO][Sync] Stopped: Autofill Profiles
2026-03-10 06:50:23.684: [INFO][Sync] Stopped: Autofill
2026-03-10 06:50:23.684: [INFO][Sync] Stopped: Extensions
2026-03-10 06:50:23.684: [INFO][Sync] Stopped: Sessions
2026-03-10 06:50:23.684: [INFO][Sync] Stopped: Extension settings
2026-03-10 06:50:23.684: [INFO][Sync] Stopped: History Delete Directives
2026-03-10 06:50:23.684: [INFO][Sync] Stopped: Device Info
2026-03-10 06:50:23.684: [INFO][Sync] Stopped: User Consents
2026-03-10 06:50:23.684: [INFO][Sync] Stopped: Send Tab To Self
2026-03-10 06:50:23.684: [INFO][Sync] Stopped: Web Apps
2026-03-10 06:50:23.684: [INFO][Sync] Stopped: History
2026-03-10 06:50:23.684: [INFO][Sync] Stopped: Saved Tab Group
2026-03-10 06:50:23.684: [INFO][Sync] Stopped: WebAuthn Credentials
2026-03-10 06:50:23.684: [INFO][Sync] Stopped: Collection
2026-03-10 06:50:23.684: [INFO][Sync] Stopped: Edge E Drop
2026-03-10 06:50:23.684: [INFO][Sync] Stopped: Edge Hub App Usage
2026-03-10 06:50:23.684: [INFO][Sync] Stopped: Edge Wallet
2026-03-10 06:50:23.684: [INFO][Sync] Stopped: Edge Workspace
2026-03-10 06:50:23.685: [INFO][Sync] SyncState after authenticated was: NotSignedIn
2026-03-10 06:50:23.999: [INFO][Sync] Reset engine, reason: 8
2026-03-10 06:50:23.999: [INFO][Sync] Stopped: Bookmarks
2026-03-10 06:50:23.999: [INFO][Sync] Stopped: Preferences
2026-03-10 06:50:23.999: [INFO][Sync] Stopped: Passwords
2026-03-10 06:50:23.999: [INFO][Sync] Stopped: Autofill Profiles
2026-03-10 06:50:23.999: [INFO][Sync] Stopped: Autofill
2026-03-10 06:50:23.999: [INFO][Sync] Stopped: Extensions
2026-03-10 06:50:23.999: [INFO][Sync] Stopped: Sessions
2026-03-10 06:50:23.999: [INFO][Sync] Stopped: Extension settings
2026-03-10 06:50:23.999: [INFO][Sync] Stopped: History Delete Directives
2026-03-10 06:50:23.999: [INFO][Sync] Stopped: Device Info
2026-03-10 06:50:23.999: [INFO][Sync] Stopped: User Consents
2026-03-10 06:50:23.999: [INFO][Sync] Stopped: Send Tab To Self
2026-03-10 06:50:23.999: [INFO][Sync] Stopped: Web Apps
2026-03-10 06:50:23.999: [INFO][Sync] Stopped: History
2026-03-10 06:50:23.999: [INFO][Sync] Stopped: Saved Tab Group
2026-03-10 06:50:23.999: [INFO][Sync] Stopped: WebAuthn Credentials
2026-03-10 06:50:23.999: [INFO][Sync] Stopped: Collection
2026-03-10 06:50:23.999: [INFO][Sync] Stopped: Edge E Drop
2026-03-10 06:50:23.999: [INFO][Sync] Stopped: Edge Hub App Usage
2026-03-10 06:50:23.999: [INFO][Sync] Stopped: Edge Wallet
2026-03-10 06:50:23.999: [INFO][Sync] Stopped: Edge Workspace
2026-03-10 06:51:51.588: [INFO][Sync] Reset engine, reason: 0
2026-03-10 06:53:57.521: [INFO][Sync] SyncState after authenticated was: FeatureNotSetup
2026-03-10 07:20:47.716: [INFO][Sync] Reset engine, reason: 0
2026-03-10 07:21:48.387: [INFO][Sync] Reset engine, reason: 8
2026-03-10 07:21:48.387: [INFO][Sync] Stopped: Bookmarks
2026-03-10 07:21:48.387: [INFO][Sync] Stopped: Preferences
2026-03-10 07:21:48.387: [INFO][Sync] Stopped: Passwords
2026-03-10 07:21:48.387: [INFO][Sync] Stopped: Autofill Profiles
2026-03-10 07:21:48.387: [INFO][Sync] Stopped: Autofill
2026-03-10 07:21:48.387: [INFO][Sync] Stopped: Extensions
2026-03-10 07:21:48.387: [INFO][Sync] Stopped: Sessions
2026-03-10 07:21:48.387: [INFO][Sync] Stopped: Extension settings
2026-03-10 07:21:48.387: [INFO][Sync] Stopped: History Delete Directives
2026-03-10 07:21:48.387: [INFO][Sync] Stopped: Device Info
2026-03-10 07:21:48.387: [INFO][Sync] Stopped: User Consents
2026-03-10 07:21:48.387: [INFO][Sync] Stopped: Send Tab To Self
2026-03-10 07:21:48.387: [INFO][Sync] Stopped: Web Apps
2026-03-10 07:21:48.387: [INFO][Sync] Stopped: History
2026-03-10 07:21:48.387: [INFO][Sync] Stopped: Saved Tab Group
2026-03-10 07:21:48.387: [INFO][Sync] Stopped: WebAuthn Credentials
2026-03-10 07:21:48.387: [INFO][Sync] Stopped: Collection
2026-03-10 07:21:48.387: [INFO][Sync] Stopped: Edge E Drop
2026-03-10 07:21:48.387: [INFO][Sync] Stopped: Edge Hub App Usage
2026-03-10 07:21:48.387: [INFO][Sync] Stopped: Edge Wallet
2026-03-10 07:21:48.387: [INFO][Sync] Stopped: Edge Workspace
2026-03-10 07:21:48.387: [INFO][Sync] SyncState after authenticated was: NotSignedIn
2026-03-10 07:21:48.850: [INFO][Sync] Reset engine, reason: 8
2026-03-10 07:21:48.850: [INFO][Sync] Stopped: Bookmarks
2026-03-10 07:21:48.850: [INFO][Sync] Stopped: Preferences
2026-03-10 07:21:48.850: [INFO][Sync] Stopped: Passwords
2026-03-10 07:21:48.850: [INFO][Sync] Stopped: Autofill Profiles
2026-03-10 07:21:48.850: [INFO][Sync] Stopped: Autofill
2026-03-10 07:21:48.850: [INFO][Sync] Stopped: Extensions
2026-03-10 07:21:48.850: [INFO][Sync] Stopped: Sessions
2026-03-10 07:21:48.850: [INFO][Sync] Stopped: Extension settings
2026-03-10 07:21:48.850: [INFO][Sync] Stopped: History Delete Directives
2026-03-10 07:21:48.850: [INFO][Sync] Stopped: Device Info
2026-03-10 07:21:48.850: [INFO][Sync] Stopped: User Consents
2026-03-10 07:21:48.850: [INFO][Sync] Stopped: Send Tab To Self
2026-03-10 07:21:48.850: [INFO][Sync] Stopped: Web Apps
2026-03-10 07:21:48.850: [INFO][Sync] Stopped: History
2026-03-10 07:21:48.850: [INFO][Sync] Stopped: Saved Tab Group
2026-03-10 07:21:48.850: [INFO][Sync] Stopped: WebAuthn Credentials
2026-03-10 07:21:48.850: [INFO][Sync] Stopped: Collection
2026-03-10 07:21:48.850: [INFO][Sync] Stopped: Edge E Drop
2026-03-10 07:21:48.850: [INFO][Sync] Stopped: Edge Hub App Usage
2026-03-10 07:21:48.850: [INFO][Sync] Stopped: Edge Wallet
2026-03-10 07:21:48.850: [INFO][Sync] Stopped: Edge Workspace
2026-03-10 07:25:49.579: [INFO][Sync] Reset engine, reason: 0
2026-03-10 07:28:06.152: [INFO][Sync] SyncState after authenticated was: FeatureNotSetup
2026-03-10 07:32:21.904: [INFO][Sync] Reset engine, reason: 0
2026-03-10 07:36:48.267: [INFO][Sync] Reset engine, reason: 8
2026-03-10 07:36:48.267: [INFO][Sync] Stopped: Bookmarks
2026-03-10 07:36:48.267: [INFO][Sync] Stopped: Preferences
2026-03-10 07:36:48.267: [INFO][Sync] Stopped: Passwords
2026-03-10 07:36:48.267: [INFO][Sync] Stopped: Autofill Profiles
2026-03-10 07:36:48.267: [INFO][Sync] Stopped: Autofill
2026-03-10 07:36:48.267: [INFO][Sync] Stopped: Extensions
2026-03-10 07:36:48.267: [INFO][Sync] Stopped: Sessions
2026-03-10 07:36:48.267: [INFO][Sync] Stopped: Extension settings
2026-03-10 07:36:48.267: [INFO][Sync] Stopped: History Delete Directives
2026-03-10 07:36:48.267: [INFO][Sync] Stopped: Device Info
2026-03-10 07:36:48.267: [INFO][Sync] Stopped: User Consents
2026-03-10 07:36:48.267: [INFO][Sync] Stopped: Send Tab To Self
2026-03-10 07:36:48.267: [INFO][Sync] Stopped: Web Apps
2026-03-10 07:36:48.267: [INFO][Sync] Stopped: History
2026-03-10 07:36:48.267: [INFO][Sync] Stopped: Saved Tab Group
2026-03-10 07:36:48.267: [INFO][Sync] Stopped: WebAuthn Credentials
2026-03-10 07:36:48.267: [INFO][Sync] Stopped: Collection
2026-03-10 07:36:48.267: [INFO][Sync] Stopped: Edge E Drop
2026-03-10 07:36:48.267: [INFO][Sync] Stopped: Edge Hub App Usage
2026-03-10 07:36:48.267: [INFO][Sync] Stopped: Edge Wallet
2026-03-10 07:36:48.267: [INFO][Sync] Stopped: Edge Workspace
2026-03-10 07:36:48.268: [INFO][Sync] SyncState after authenticated was: NotSignedIn
2026-03-10 07:36:48.717: [INFO][Sync] Reset engine, reason: 8
2026-03-10 07:36:48.717: [INFO][Sync] Stopped: Bookmarks
2026-03-10 07:36:48.717: [INFO][Sync] Stopped: Preferences
2026-03-10 07:36:48.717: [INFO][Sync] Stopped: Passwords
2026-03-10 07:36:48.717: [INFO][Sync] Stopped: Autofill Profiles
2026-03-10 07:36:48.717: [INFO][Sync] Stopped: Autofill
2026-03-10 07:36:48.717: [INFO][Sync] Stopped: Extensions
2026-03-10 07:36:48.717: [INFO][Sync] Stopped: Sessions
2026-03-10 07:36:48.717: [INFO][Sync] Stopped: Extension settings
2026-03-10 07:36:48.717: [INFO][Sync] Stopped: History Delete Directives
2026-03-10 07:36:48.717: [INFO][Sync] Stopped: Device Info
2026-03-10 07:36:48.717: [INFO][Sync] Stopped: User Consents
2026-03-10 07:36:48.717: [INFO][Sync] Stopped: Send Tab To Self
2026-03-10 07:36:48.717: [INFO][Sync] Stopped: Web Apps
2026-03-10 07:36:48.717: [INFO][Sync] Stopped: History
2026-03-10 07:36:48.717: [INFO][Sync] Stopped: Saved Tab Group
2026-03-10 07:36:48.717: [INFO][Sync] Stopped: WebAuthn Credentials
2026-03-10 07:36:48.717: [INFO][Sync] Stopped: Collection
2026-03-10 07:36:48.717: [INFO][Sync] Stopped: Edge E Drop
2026-03-10 07:36:48.717: [INFO][Sync] Stopped: Edge Hub App Usage
2026-03-10 07:36:48.717: [INFO][Sync] Stopped: Edge Wallet
2026-03-10 07:36:48.717: [INFO][Sync] Stopped: Edge Workspace
2026-03-10 07:40:22.874: [INFO][Sync] Reset engine, reason: 0
2026-03-10 07:44:33.949: [INFO][Sync] SyncState after authenticated was: FeatureNotSetup
2026-03-10 07:45:45.693: [INFO][Sync] Reset engine, reason: 0
2026-03-10 07:49:38.853: [INFO][Sync] Reset engine, reason: 8
2026-03-10 07:49:38.853: [INFO][Sync] Stopped: Bookmarks
2026-03-10 07:49:38.853: [INFO][Sync] Stopped: Preferences
2026-03-10 07:49:38.853: [INFO][Sync] Stopped: Passwords
2026-03-10 07:49:38.853: [INFO][Sync] Stopped: Autofill Profiles
2026-03-10 07:49:38.853: [INFO][Sync] Stopped: Autofill
2026-03-10 07:49:38.853: [INFO][Sync] Stopped: Extensions
2026-03-10 07:49:38.853: [INFO][Sync] Stopped: Sessions
2026-03-10 07:49:38.853: [INFO][Sync] Stopped: Extension settings
2026-03-10 07:49:38.853: [INFO][Sync] Stopped: History Delete Directives
2026-03-10 07:49:38.853: [INFO][Sync] Stopped: Device Info
2026-03-10 07:49:38.853: [INFO][Sync] Stopped: User Consents
2026-03-10 07:49:38.853: [INFO][Sync] Stopped: Send Tab To Self
2026-03-10 07:49:38.853: [INFO][Sync] Stopped: Web Apps
2026-03-10 07:49:38.853: [INFO][Sync] Stopped: History
2026-03-10 07:49:38.853: [INFO][Sync] Stopped: Saved Tab Group
2026-03-10 07:49:38.853: [INFO][Sync] Stopped: WebAuthn Credentials
2026-03-10 07:49:38.853: [INFO][Sync] Stopped: Collection
2026-03-10 07:49:38.853: [INFO][Sync] Stopped: Edge E Drop
2026-03-10 07:49:38.853: [INFO][Sync] Stopped: Edge Hub App Usage
2026-03-10 07:49:38.853: [INFO][Sync] Stopped: Edge Wallet
2026-03-10 07:49:38.853: [INFO][Sync] Stopped: Edge Workspace
2026-03-10 07:49:38.853: [INFO][Sync] SyncState after authenticated was: NotSignedIn
2026-03-10 07:49:39.181: [INFO][Sync] Reset engine, reason: 8
2026-03-10 07:49:39.181: [INFO][Sync] Stopped: Bookmarks
2026-03-10 07:49:39.181: [INFO][Sync] Stopped: Preferences
2026-03-10 07:49:39.181: [INFO][Sync] Stopped: Passwords
2026-03-10 07:49:39.181: [INFO][Sync] Stopped: Autofill Profiles
2026-03-10 07:49:39.181: [INFO][Sync] Stopped: Autofill
2026-03-10 07:49:39.181: [INFO][Sync] Stopped: Extensions
2026-03-10 07:49:39.182: [INFO][Sync] Stopped: Sessions
2026-03-10 07:49:39.182: [INFO][Sync] Stopped: Extension settings
2026-03-10 07:49:39.182: [INFO][Sync] Stopped: History Delete Directives
2026-03-10 07:49:39.182: [INFO][Sync] Stopped: Device Info
2026-03-10 07:49:39.182: [INFO][Sync] Stopped: User Consents
2026-03-10 07:49:39.182: [INFO][Sync] Stopped: Send Tab To Self
2026-03-10 07:49:39.182: [INFO][Sync] Stopped: Web Apps
2026-03-10 07:49:39.182: [INFO][Sync] Stopped: History
2026-03-10 07:49:39.182: [INFO][Sync] Stopped: Saved Tab Group
2026-03-10 07:49:39.182: [INFO][Sync] Stopped: WebAuthn Credentials
2026-03-10 07:49:39.182: [INFO][Sync] Stopped: Collection
2026-03-10 07:49:39.182: [INFO][Sync] Stopped: Edge E Drop
2026-03-10 07:49:39.182: [INFO][Sync] Stopped: Edge Hub App Usage
2026-03-10 07:49:39.182: [INFO][Sync] Stopped: Edge Wallet
2026-03-10 07:49:39.182: [INFO][Sync] Stopped: Edge Workspace
2026-03-10 07:50:29.105: [INFO][Sync] Reset engine, reason: 0
2026-03-10 07:52:59.493: [INFO][Sync] SyncState after authenticated was: FeatureNotSetup
2026-03-10 07:53:57.918: [INFO][Sync] Reset engine, reason: 0
2026-03-10 07:58:57.616: [INFO][Sync] Reset engine, reason: 8
2026-03-10 07:58:57.616: [INFO][Sync] Stopped: Bookmarks
2026-03-10 07:58:57.616: [INFO][Sync] Stopped: Preferences
2026-03-10 07:58:57.616: [INFO][Sync] Stopped: Passwords
2026-03-10 07:58:57.616: [INFO][Sync] Stopped: Autofill Profiles
2026-03-10 07:58:57.616: [INFO][Sync] Stopped: Autofill
2026-03-10 07:58:57.616: [INFO][Sync] Stopped: Extensions
2026-03-10 07:58:57.616: [INFO][Sync] Stopped: Sessions
2026-03-10 07:58:57.616: [INFO][Sync] Stopped: Extension settings
2026-03-10 07:58:57.616: [INFO][Sync] Stopped: History Delete Directives
2026-03-10 07:58:57.616: [INFO][Sync] Stopped: Device Info
2026-03-10 07:58:57.616: [INFO][Sync] Stopped: User Consents
2026-03-10 07:58:57.616: [INFO][Sync] Stopped: Send Tab To Self
2026-03-10 07:58:57.616: [INFO][Sync] Stopped: Web Apps
2026-03-10 07:58:57.616: [INFO][Sync] Stopped: History
2026-03-10 07:58:57.616: [INFO][Sync] Stopped: Saved Tab Group
2026-03-10 07:58:57.616: [INFO][Sync] Stopped: WebAuthn Credentials
2026-03-10 07:58:57.616: [INFO][Sync] Stopped: Collection
2026-03-10 07:58:57.616: [INFO][Sync] Stopped: Edge E Drop
2026-03-10 07:58:57.616: [INFO][Sync] Stopped: Edge Hub App Usage
2026-03-10 07:58:57.616: [INFO][Sync] Stopped: Edge Wallet
2026-03-10 07:58:57.616: [INFO][Sync] Stopped: Edge Workspace
2026-03-10 07:58:57.616: [INFO][Sync] SyncState after authenticated was: NotSignedIn
2026-03-10 07:58:57.913: [INFO][Sync] Reset engine, reason: 8
2026-03-10 07:58:57.913: [INFO][Sync] Stopped: Bookmarks
2026-03-10 07:58:57.913: [INFO][Sync] Stopped: Preferences
2026-03-10 07:58:57.913: [INFO][Sync] Stopped: Passwords
2026-03-10 07:58:57.913: [INFO][Sync] Stopped: Autofill Profiles
2026-03-10 07:58:57.913: [INFO][Sync] Stopped: Autofill
2026-03-10 07:58:57.913: [INFO][Sync] Stopped: Extensions
2026-03-10 07:58:57.913: [INFO][Sync] Stopped: Sessions
2026-03-10 07:58:57.913: [INFO][Sync] Stopped: Extension settings
2026-03-10 07:58:57.913: [INFO][Sync] Stopped: History Delete Directives
2026-03-10 07:58:57.913: [INFO][Sync] Stopped: Device Info
2026-03-10 07:58:57.913: [INFO][Sync] Stopped: User Consents
2026-03-10 07:58:57.913: [INFO][Sync] Stopped: Send Tab To Self
2026-03-10 07:58:57.913: [INFO][Sync] Stopped: Web Apps
2026-03-10 07:58:57.913: [INFO][Sync] Stopped: History
2026-03-10 07:58:57.913: [INFO][Sync] Stopped: Saved Tab Group
2026-03-10 07:58:57.913: [INFO][Sync] Stopped: WebAuthn Credentials
2026-03-10 07:58:57.913: [INFO][Sync] Stopped: Collection
2026-03-10 07:58:57.913: [INFO][Sync] Stopped: Edge E Drop
2026-03-10 07:58:57.913: [INFO][Sync] Stopped: Edge Hub App Usage
2026-03-10 07:58:57.913: [INFO][Sync] Stopped: Edge Wallet
2026-03-10 07:58:57.913: [INFO][Sync] Stopped: Edge Workspace
2026-03-10 08:01:14.143: [INFO][Sync] Reset engine, reason: 0
2026-03-10 08:02:15.025: [INFO][Sync] SyncState after authenticated was: FeatureNotSetup
2026-03-10 08:03:11.635: [INFO][Sync] Reset engine, reason: 0
2026-03-10 08:04:07.768: [INFO][Sync] Reset engine, reason: 8
2026-03-10 08:04:07.768: [INFO][Sync] Stopped: Bookmarks
2026-03-10 08:04:07.768: [INFO][Sync] Stopped: Preferences
2026-03-10 08:04:07.768: [INFO][Sync] Stopped: Passwords
2026-03-10 08:04:07.768: [INFO][Sync] Stopped: Autofill Profiles
2026-03-10 08:04:07.768: [INFO][Sync] Stopped: Autofill
2026-03-10 08:04:07.768: [INFO][Sync] Stopped: Extensions
2026-03-10 08:04:07.768: [INFO][Sync] Stopped: Sessions
2026-03-10 08:04:07.768: [INFO][Sync] Stopped: Extension settings
2026-03-10 08:04:07.768: [INFO][Sync] Stopped: History Delete Directives
2026-03-10 08:04:07.768: [INFO][Sync] Stopped: Device Info
2026-03-10 08:04:07.768: [INFO][Sync] Stopped: User Consents
2026-03-10 08:04:07.768: [INFO][Sync] Stopped: Send Tab To Self
2026-03-10 08:04:07.768: [INFO][Sync] Stopped: Web Apps
2026-03-10 08:04:07.768: [INFO][Sync] Stopped: History
2026-03-10 08:04:07.768: [INFO][Sync] Stopped: Saved Tab Group
2026-03-10 08:04:07.768: [INFO][Sync] Stopped: WebAuthn Credentials
2026-03-10 08:04:07.768: [INFO][Sync] Stopped: Collection
2026-03-10 08:04:07.768: [INFO][Sync] Stopped: Edge E Drop
2026-03-10 08:04:07.768: [INFO][Sync] Stopped: Edge Hub App Usage
2026-03-10 08:04:07.768: [INFO][Sync] Stopped: Edge Wallet
2026-03-10 08:04:07.768: [INFO][Sync] Stopped: Edge Workspace
2026-03-10 08:04:07.768: [INFO][Sync] SyncState after authenticated was: NotSignedIn
2026-03-10 08:04:08.175: [INFO][Sync] Reset engine, reason: 8
2026-03-10 08:04:08.175: [INFO][Sync] Stopped: Bookmarks
2026-03-10 08:04:08.175: [INFO][Sync] Stopped: Preferences
2026-03-10 08:04:08.175: [INFO][Sync] Stopped: Passwords
2026-03-10 08:04:08.175: [INFO][Sync] Stopped: Autofill Profiles
2026-03-10 08:04:08.175: [INFO][Sync] Stopped: Autofill
2026-03-10 08:04:08.175: [INFO][Sync] Stopped: Extensions
2026-03-10 08:04:08.175: [INFO][Sync] Stopped: Sessions
2026-03-10 08:04:08.175: [INFO][Sync] Stopped: Extension settings
2026-03-10 08:04:08.175: [INFO][Sync] Stopped: History Delete Directives
2026-03-10 08:04:08.175: [INFO][Sync] Stopped: Device Info
2026-03-10 08:04:08.175: [INFO][Sync] Stopped: User Consents
2026-03-10 08:04:08.175: [INFO][Sync] Stopped: Send Tab To Self
2026-03-10 08:04:08.175: [INFO][Sync] Stopped: Web Apps
2026-03-10 08:04:08.175: [INFO][Sync] Stopped: History
2026-03-10 08:04:08.175: [INFO][Sync] Stopped: Saved Tab Group
2026-03-10 08:04:08.175: [INFO][Sync] Stopped: WebAuthn Credentials
2026-03-10 08:04:08.175: [INFO][Sync] Stopped: Collection
2026-03-10 08:04:08.175: [INFO][Sync] Stopped: Edge E Drop
2026-03-10 08:04:08.175: [INFO][Sync] Stopped: Edge Hub App Usage
2026-03-10 08:04:08.175: [INFO][Sync] Stopped: Edge Wallet
2026-03-10 08:04:08.175: [INFO][Sync] Stopped: Edge Workspace
2026-03-10 08:04:54.893: [INFO][Sync] Reset engine, reason: 0
2026-03-10 08:06:33.599: [INFO][Sync] SyncState after authenticated was: FeatureNotSetup
2026-03-10 08:07:21.404: [INFO][Sync] Reset engine, reason: 0
2026-03-10 08:10:58.763: [INFO][Sync] Reset engine, reason: 8
2026-03-10 08:10:58.763: [INFO][Sync] Stopped: Bookmarks
2026-03-10 08:10:58.763: [INFO][Sync] Stopped: Preferences
2026-03-10 08:10:58.763: [INFO][Sync] Stopped: Passwords
2026-03-10 08:10:58.763: [INFO][Sync] Stopped: Autofill Profiles
2026-03-10 08:10:58.763: [INFO][Sync] Stopped: Autofill
2026-03-10 08:10:58.763: [INFO][Sync] Stopped: Extensions
2026-03-10 08:10:58.763: [INFO][Sync] Stopped: Sessions
2026-03-10 08:10:58.763: [INFO][Sync] Stopped: Extension settings
2026-03-10 08:10:58.763: [INFO][Sync] Stopped: History Delete Directives
2026-03-10 08:10:58.763: [INFO][Sync] Stopped: Device Info
2026-03-10 08:10:58.763: [INFO][Sync] Stopped: User Consents
2026-03-10 08:10:58.763: [INFO][Sync] Stopped: Send Tab To Self
2026-03-10 08:10:58.763: [INFO][Sync] Stopped: Web Apps
2026-03-10 08:10:58.763: [INFO][Sync] Stopped: History
2026-03-10 08:10:58.763: [INFO][Sync] Stopped: Saved Tab Group
2026-03-10 08:10:58.763: [INFO][Sync] Stopped: WebAuthn Credentials
2026-03-10 08:10:58.763: [INFO][Sync] Stopped: Collection
2026-03-10 08:10:58.763: [INFO][Sync] Stopped: Edge E Drop
2026-03-10 08:10:58.763: [INFO][Sync] Stopped: Edge Hub App Usage
2026-03-10 08:10:58.763: [INFO][Sync] Stopped: Edge Wallet
2026-03-10 08:10:58.763: [INFO][Sync] Stopped: Edge Workspace
2026-03-10 08:10:58.763: [INFO][Sync] SyncState after authenticated was: NotSignedIn
2026-03-10 08:10:59.126: [INFO][Sync] Reset engine, reason: 8
2026-03-10 08:10:59.126: [INFO][Sync] Stopped: Bookmarks
2026-03-10 08:10:59.126: [INFO][Sync] Stopped: Preferences
2026-03-10 08:10:59.126: [INFO][Sync] Stopped: Passwords
2026-03-10 08:10:59.126: [INFO][Sync] Stopped: Autofill Profiles
2026-03-10 08:10:59.126: [INFO][Sync] Stopped: Autofill
2026-03-10 08:10:59.126: [INFO][Sync] Stopped: Extensions
2026-03-10 08:10:59.126: [INFO][Sync] Stopped: Sessions
2026-03-10 08:10:59.126: [INFO][Sync] Stopped: Extension settings
2026-03-10 08:10:59.126: [INFO][Sync] Stopped: History Delete Directives
2026-03-10 08:10:59.126: [INFO][Sync] Stopped: Device Info
2026-03-10 08:10:59.126: [INFO][Sync] Stopped: User Consents
2026-03-10 08:10:59.126: [INFO][Sync] Stopped: Send Tab To Self
2026-03-10 08:10:59.126: [INFO][Sync] Stopped: Web Apps
2026-03-10 08:10:59.126: [INFO][Sync] Stopped: History
2026-03-10 08:10:59.126: [INFO][Sync] Stopped: Saved Tab Group
2026-03-10 08:10:59.126: [INFO][Sync] Stopped: WebAuthn Credentials
2026-03-10 08:10:59.126: [INFO][Sync] Stopped: Collection
2026-03-10 08:10:59.126: [INFO][Sync] Stopped: Edge E Drop
2026-03-10 08:10:59.126: [INFO][Sync] Stopped: Edge Hub App Usage
2026-03-10 08:10:59.126: [INFO][Sync] Stopped: Edge Wallet
2026-03-10 08:10:59.126: [INFO][Sync] Stopped: Edge Workspace
2026-03-10 08:12:15.749: [INFO][Sync] Reset engine, reason: 0
2026-03-10 08:15:12.118: [INFO][Sync] SyncState after authenticated was: FeatureNotSetup
2026-03-10 08:17:08.814: [INFO][Sync] Reset engine, reason: 0
2026-03-10 08:37:09.969: [INFO][Sync] Reset engine, reason: 8
2026-03-10 08:37:09.969: [INFO][Sync] Stopped: Bookmarks
2026-03-10 08:37:09.969: [INFO][Sync] Stopped: Preferences
2026-03-10 08:37:09.969: [INFO][Sync] Stopped: Passwords
2026-03-10 08:37:09.969: [INFO][Sync] Stopped: Autofill Profiles
2026-03-10 08:37:09.969: [INFO][Sync] Stopped: Autofill
2026-03-10 08:37:09.969: [INFO][Sync] Stopped: Extensions
2026-03-10 08:37:09.969: [INFO][Sync] Stopped: Sessions
2026-03-10 08:37:09.969: [INFO][Sync] Stopped: Extension settings
2026-03-10 08:37:09.969: [INFO][Sync] Stopped: History Delete Directives
2026-03-10 08:37:09.969: [INFO][Sync] Stopped: Device Info
2026-03-10 08:37:09.969: [INFO][Sync] Stopped: User Consents
2026-03-10 08:37:09.969: [INFO][Sync] Stopped: Send Tab To Self
2026-03-10 08:37:09.969: [INFO][Sync] Stopped: Web Apps
2026-03-10 08:37:09.969: [INFO][Sync] Stopped: History
2026-03-10 08:37:09.969: [INFO][Sync] Stopped: Saved Tab Group
2026-03-10 08:37:09.969: [INFO][Sync] Stopped: WebAuthn Credentials
2026-03-10 08:37:09.969: [INFO][Sync] Stopped: Collection
2026-03-10 08:37:09.969: [INFO][Sync] Stopped: Edge E Drop
2026-03-10 08:37:09.969: [INFO][Sync] Stopped: Edge Hub App Usage
2026-03-10 08:37:09.969: [INFO][Sync] Stopped: Edge Wallet
2026-03-10 08:37:09.969: [INFO][Sync] Stopped: Edge Workspace
2026-03-10 08:37:09.969: [INFO][Sync] SyncState after authenticated was: NotSignedIn
2026-03-10 08:37:10.299: [INFO][Sync] Reset engine, reason: 8
2026-03-10 08:37:10.299: [INFO][Sync] Stopped: Bookmarks
2026-03-10 08:37:10.299: [INFO][Sync] Stopped: Preferences
2026-03-10 08:37:10.299: [INFO][Sync] Stopped: Passwords
2026-03-10 08:37:10.299: [INFO][Sync] Stopped: Autofill Profiles
2026-03-10 08:37:10.299: [INFO][Sync] Stopped: Autofill
2026-03-10 08:37:10.299: [INFO][Sync] Stopped: Extensions
2026-03-10 08:37:10.299: [INFO][Sync] Stopped: Sessions
2026-03-10 08:37:10.299: [INFO][Sync] Stopped: Extension settings
2026-03-10 08:37:10.299: [INFO][Sync] Stopped: History Delete Directives
2026-03-10 08:37:10.299: [INFO][Sync] Stopped: Device Info
2026-03-10 08:37:10.299: [INFO][Sync] Stopped: User Consents
2026-03-10 08:37:10.299: [INFO][Sync] Stopped: Send Tab To Self
2026-03-10 08:37:10.299: [INFO][Sync] Stopped: Web Apps
2026-03-10 08:37:10.299: [INFO][Sync] Stopped: History
2026-03-10 08:37:10.299: [INFO][Sync] Stopped: Saved Tab Group
2026-03-10 08:37:10.299: [INFO][Sync] Stopped: WebAuthn Credentials
2026-03-10 08:37:10.299: [INFO][Sync] Stopped: Collection
2026-03-10 08:37:10.299: [INFO][Sync] Stopped: Edge E Drop
2026-03-10 08:37:10.299: [INFO][Sync] Stopped: Edge Hub App Usage
2026-03-10 08:37:10.299: [INFO][Sync] Stopped: Edge Wallet
2026-03-10 08:37:10.299: [INFO][Sync] Stopped: Edge Workspace
2026-03-10 08:38:28.854: [INFO][Sync] Reset engine, reason: 0
2026-03-10 08:56:00.461: [INFO][Sync] SyncState after authenticated was: FeatureNotSetup
2026-03-10 08:58:33.943: [INFO][Sync] Reset engine, reason: 0
2026-03-10 09:10:24.415: [INFO][Sync] Reset engine, reason: 8
2026-03-10 09:10:24.415: [INFO][Sync] Stopped: Bookmarks
2026-03-10 09:10:24.415: [INFO][Sync] Stopped: Preferences
2026-03-10 09:10:24.415: [INFO][Sync] Stopped: Passwords
2026-03-10 09:10:24.415: [INFO][Sync] Stopped: Autofill Profiles
2026-03-10 09:10:24.415: [INFO][Sync] Stopped: Autofill
2026-03-10 09:10:24.415: [INFO][Sync] Stopped: Extensions
2026-03-10 09:10:24.415: [INFO][Sync] Stopped: Sessions
2026-03-10 09:10:24.415: [INFO][Sync] Stopped: Extension settings
2026-03-10 09:10:24.415: [INFO][Sync] Stopped: History Delete Directives
2026-03-10 09:10:24.415: [INFO][Sync] Stopped: Device Info
2026-03-10 09:10:24.415: [INFO][Sync] Stopped: User Consents
2026-03-10 09:10:24.415: [INFO][Sync] Stopped: Send Tab To Self
2026-03-10 09:10:24.415: [INFO][Sync] Stopped: Web Apps
2026-03-10 09:10:24.415: [INFO][Sync] Stopped: History
2026-03-10 09:10:24.415: [INFO][Sync] Stopped: Saved Tab Group
2026-03-10 09:10:24.415: [INFO][Sync] Stopped: WebAuthn Credentials
2026-03-10 09:10:24.415: [INFO][Sync] Stopped: Collection
2026-03-10 09:10:24.415: [INFO][Sync] Stopped: Edge E Drop
2026-03-10 09:10:24.415: [INFO][Sync] Stopped: Edge Hub App Usage
2026-03-10 09:10:24.415: [INFO][Sync] Stopped: Edge Wallet
2026-03-10 09:10:24.415: [INFO][Sync] Stopped: Edge Workspace
2026-03-10 09:10:24.416: [INFO][Sync] SyncState after authenticated was: NotSignedIn
2026-03-10 09:10:24.839: [INFO][Sync] Reset engine, reason: 8
2026-03-10 09:10:24.839: [INFO][Sync] Stopped: Bookmarks
2026-03-10 09:10:24.839: [INFO][Sync] Stopped: Preferences
2026-03-10 09:10:24.839: [INFO][Sync] Stopped: Passwords
2026-03-10 09:10:24.839: [INFO][Sync] Stopped: Autofill Profiles
2026-03-10 09:10:24.839: [INFO][Sync] Stopped: Autofill
2026-03-10 09:10:24.839: [INFO][Sync] Stopped: Extensions
2026-03-10 09:10:24.839: [INFO][Sync] Stopped: Sessions
2026-03-10 09:10:24.839: [INFO][Sync] Stopped: Extension settings
2026-03-10 09:10:24.839: [INFO][Sync] Stopped: History Delete Directives
2026-03-10 09:10:24.839: [INFO][Sync] Stopped: Device Info
2026-03-10 09:10:24.839: [INFO][Sync] Stopped: User Consents
2026-03-10 09:10:24.839: [INFO][Sync] Stopped: Send Tab To Self
2026-03-10 09:10:24.839: [INFO][Sync] Stopped: Web Apps
2026-03-10 09:10:24.839: [INFO][Sync] Stopped: History
2026-03-10 09:10:24.839: [INFO][Sync] Stopped: Saved Tab Group
2026-03-10 09:10:24.839: [INFO][Sync] Stopped: WebAuthn Credentials
2026-03-10 09:10:24.839: [INFO][Sync] Stopped: Collection
2026-03-10 09:10:24.839: [INFO][Sync] Stopped: Edge E Drop
2026-03-10 09:10:24.839: [INFO][Sync] Stopped: Edge Hub App Usage
2026-03-10 09:10:24.839: [INFO][Sync] Stopped: Edge Wallet
2026-03-10 09:10:24.839: [INFO][Sync] Stopped: Edge Workspace
2026-03-10 09:27:16.514: [INFO][Sync] Reset engine, reason: 0
2026-03-10 09:33:40.275: [INFO][Sync] SyncState after authenticated was: FeatureNotSetup
2026-03-10 09:35:51.939: [INFO][Sync] Reset engine, reason: 0
2026-03-10 09:39:10.196: [INFO][Sync] Reset engine, reason: 8
2026-03-10 09:39:10.196: [INFO][Sync] Stopped: Bookmarks
2026-03-10 09:39:10.196: [INFO][Sync] Stopped: Preferences
2026-03-10 09:39:10.196: [INFO][Sync] Stopped: Passwords
2026-03-10 09:39:10.196: [INFO][Sync] Stopped: Autofill Profiles
2026-03-10 09:39:10.196: [INFO][Sync] Stopped: Autofill
2026-03-10 09:39:10.196: [INFO][Sync] Stopped: Extensions
2026-03-10 09:39:10.196: [INFO][Sync] Stopped: Sessions
2026-03-10 09:39:10.196: [INFO][Sync] Stopped: Extension settings
2026-03-10 09:39:10.196: [INFO][Sync] Stopped: History Delete Directives
2026-03-10 09:39:10.196: [INFO][Sync] Stopped: Device Info
2026-03-10 09:39:10.196: [INFO][Sync] Stopped: User Consents
2026-03-10 09:39:10.196: [INFO][Sync] Stopped: Send Tab To Self
2026-03-10 09:39:10.196: [INFO][Sync] Stopped: Web Apps
2026-03-10 09:39:10.196: [INFO][Sync] Stopped: History
2026-03-10 09:39:10.196: [INFO][Sync] Stopped: Saved Tab Group
2026-03-10 09:39:10.196: [INFO][Sync] Stopped: WebAuthn Credentials
2026-03-10 09:39:10.196: [INFO][Sync] Stopped: Collection
2026-03-10 09:39:10.196: [INFO][Sync] Stopped: Edge E Drop
2026-03-10 09:39:10.196: [INFO][Sync] Stopped: Edge Hub App Usage
2026-03-10 09:39:10.196: [INFO][Sync] Stopped: Edge Wallet
2026-03-10 09:39:10.196: [INFO][Sync] Stopped: Edge Workspace
2026-03-10 09:39:10.196: [INFO][Sync] SyncState after authenticated was: NotSignedIn
2026-03-10 09:39:10.621: [INFO][Sync] Reset engine, reason: 8
2026-03-10 09:39:10.621: [INFO][Sync] Stopped: Bookmarks
2026-03-10 09:39:10.621: [INFO][Sync] Stopped: Preferences
2026-03-10 09:39:10.621: [INFO][Sync] Stopped: Passwords
2026-03-10 09:39:10.621: [INFO][Sync] Stopped: Autofill Profiles
2026-03-10 09:39:10.621: [INFO][Sync] Stopped: Autofill
2026-03-10 09:39:10.621: [INFO][Sync] Stopped: Extensions
2026-03-10 09:39:10.621: [INFO][Sync] Stopped: Sessions
2026-03-10 09:39:10.621: [INFO][Sync] Stopped: Extension settings
2026-03-10 09:39:10.621: [INFO][Sync] Stopped: History Delete Directives
2026-03-10 09:39:10.621: [INFO][Sync] Stopped: Device Info
2026-03-10 09:39:10.621: [INFO][Sync] Stopped: User Consents
2026-03-10 09:39:10.621: [INFO][Sync] Stopped: Send Tab To Self
2026-03-10 09:39:10.621: [INFO][Sync] Stopped: Web Apps
2026-03-10 09:39:10.621: [INFO][Sync] Stopped: History
2026-03-10 09:39:10.621: [INFO][Sync] Stopped: Saved Tab Group
2026-03-10 09:39:10.621: [INFO][Sync] Stopped: WebAuthn Credentials
2026-03-10 09:39:10.621: [INFO][Sync] Stopped: Collection
2026-03-10 09:39:10.621: [INFO][Sync] Stopped: Edge E Drop
2026-03-10 09:39:10.621: [INFO][Sync] Stopped: Edge Hub App Usage
2026-03-10 09:39:10.621: [INFO][Sync] Stopped: Edge Wallet
2026-03-10 09:39:10.621: [INFO][Sync] Stopped: Edge Workspace
2026-03-10 09:44:32.479: [INFO][Sync] Reset engine, reason: 0
2026-03-10 09:45:27.231: [INFO][Sync] SyncState after authenticated was: FeatureNotSetup
2026-03-10 09:50:48.664: [INFO][Sync] Reset engine, reason: 0
2026-03-10 09:51:41.331: [INFO][Sync] Reset engine, reason: 8
2026-03-10 09:51:41.331: [INFO][Sync] Stopped: Bookmarks
2026-03-10 09:51:41.331: [INFO][Sync] Stopped: Preferences
2026-03-10 09:51:41.331: [INFO][Sync] Stopped: Passwords
2026-03-10 09:51:41.331: [INFO][Sync] Stopped: Autofill Profiles
2026-03-10 09:51:41.331: [INFO][Sync] Stopped: Autofill
2026-03-10 09:51:41.331: [INFO][Sync] Stopped: Extensions
2026-03-10 09:51:41.331: [INFO][Sync] Stopped: Sessions
2026-03-10 09:51:41.331: [INFO][Sync] Stopped: Extension settings
2026-03-10 09:51:41.331: [INFO][Sync] Stopped: History Delete Directives
2026-03-10 09:51:41.331: [INFO][Sync] Stopped: Device Info
2026-03-10 09:51:41.331: [INFO][Sync] Stopped: User Consents
2026-03-10 09:51:41.331: [INFO][Sync] Stopped: Send Tab To Self
2026-03-10 09:51:41.331: [INFO][Sync] Stopped: Web Apps
2026-03-10 09:51:41.331: [INFO][Sync] Stopped: History
2026-03-10 09:51:41.331: [INFO][Sync] Stopped: Saved Tab Group
2026-03-10 09:51:41.331: [INFO][Sync] Stopped: WebAuthn Credentials
2026-03-10 09:51:41.331: [INFO][Sync] Stopped: Collection
2026-03-10 09:51:41.331: [INFO][Sync] Stopped: Edge E Drop
2026-03-10 09:51:41.331: [INFO][Sync] Stopped: Edge Hub App Usage
2026-03-10 09:51:41.331: [INFO][Sync] Stopped: Edge Wallet
2026-03-10 09:51:41.331: [INFO][Sync] Stopped: Edge Workspace
2026-03-10 09:51:41.331: [INFO][Sync] SyncState after authenticated was: NotSignedIn
2026-03-10 09:51:41.665: [INFO][Sync] Reset engine, reason: 8
2026-03-10 09:51:41.665: [INFO][Sync] Stopped: Bookmarks
2026-03-10 09:51:41.665: [INFO][Sync] Stopped: Preferences
2026-03-10 09:51:41.665: [INFO][Sync] Stopped: Passwords
2026-03-10 09:51:41.665: [INFO][Sync] Stopped: Autofill Profiles
2026-03-10 09:51:41.665: [INFO][Sync] Stopped: Autofill
2026-03-10 09:51:41.665: [INFO][Sync] Stopped: Extensions
2026-03-10 09:51:41.665: [INFO][Sync] Stopped: Sessions
2026-03-10 09:51:41.665: [INFO][Sync] Stopped: Extension settings
2026-03-10 09:51:41.665: [INFO][Sync] Stopped: History Delete Directives
2026-03-10 09:51:41.665: [INFO][Sync] Stopped: Device Info
2026-03-10 09:51:41.665: [INFO][Sync] Stopped: User Consents
2026-03-10 09:51:41.665: [INFO][Sync] Stopped: Send Tab To Self
2026-03-10 09:51:41.665: [INFO][Sync] Stopped: Web Apps
2026-03-10 09:51:41.665: [INFO][Sync] Stopped: History
2026-03-10 09:51:41.665: [INFO][Sync] Stopped: Saved Tab Group
2026-03-10 09:51:41.665: [INFO][Sync] Stopped: WebAuthn Credentials
2026-03-10 09:51:41.665: [INFO][Sync] Stopped: Collection
2026-03-10 09:51:41.665: [INFO][Sync] Stopped: Edge E Drop
2026-03-10 09:51:41.665: [INFO][Sync] Stopped: Edge Hub App Usage
2026-03-10 09:51:41.665: [INFO][Sync] Stopped: Edge Wallet
2026-03-10 09:51:41.665: [INFO][Sync] Stopped: Edge Workspace
2026-03-10 09:58:24.529: [INFO][Sync] Reset engine, reason: 0
2026-03-10 10:09:48.180: [INFO][Sync] SyncState after authenticated was: FeatureNotSetup
2026-03-10 10:17:36.835: [INFO][Sync] Reset engine, reason: 0
2026-03-10 10:18:28.185: [INFO][Sync] Reset engine, reason: 8
2026-03-10 10:18:28.185: [INFO][Sync] Stopped: Bookmarks
2026-03-10 10:18:28.185: [INFO][Sync] Stopped: Preferences
2026-03-10 10:18:28.185: [INFO][Sync] Stopped: Passwords
2026-03-10 10:18:28.185: [INFO][Sync] Stopped: Autofill Profiles
2026-03-10 10:18:28.185: [INFO][Sync] Stopped: Autofill
2026-03-10 10:18:28.185: [INFO][Sync] Stopped: Extensions
2026-03-10 10:18:28.185: [INFO][Sync] Stopped: Sessions
2026-03-10 10:18:28.185: [INFO][Sync] Stopped: Extension settings
2026-03-10 10:18:28.185: [INFO][Sync] Stopped: History Delete Directives
2026-03-10 10:18:28.185: [INFO][Sync] Stopped: Device Info
2026-03-10 10:18:28.185: [INFO][Sync] Stopped: User Consents
2026-03-10 10:18:28.185: [INFO][Sync] Stopped: Send Tab To Self
2026-03-10 10:18:28.185: [INFO][Sync] Stopped: Web Apps
2026-03-10 10:18:28.185: [INFO][Sync] Stopped: History
2026-03-10 10:18:28.185: [INFO][Sync] Stopped: Saved Tab Group
2026-03-10 10:18:28.185: [INFO][Sync] Stopped: WebAuthn Credentials
2026-03-10 10:18:28.185: [INFO][Sync] Stopped: Collection
2026-03-10 10:18:28.185: [INFO][Sync] Stopped: Edge E Drop
2026-03-10 10:18:28.185: [INFO][Sync] Stopped: Edge Hub App Usage
2026-03-10 10:18:28.185: [INFO][Sync] Stopped: Edge Wallet
2026-03-10 10:18:28.185: [INFO][Sync] Stopped: Edge Workspace
2026-03-10 10:18:28.185: [INFO][Sync] SyncState after authenticated was: NotSignedIn
2026-03-10 10:18:28.485: [INFO][Sync] Reset engine, reason: 8
2026-03-10 10:18:28.485: [INFO][Sync] Stopped: Bookmarks
2026-03-10 10:18:28.485: [INFO][Sync] Stopped: Preferences
2026-03-10 10:18:28.485: [INFO][Sync] Stopped: Passwords
2026-03-10 10:18:28.485: [INFO][Sync] Stopped: Autofill Profiles
2026-03-10 10:18:28.485: [INFO][Sync] Stopped: Autofill
2026-03-10 10:18:28.485: [INFO][Sync] Stopped: Extensions
2026-03-10 10:18:28.485: [INFO][Sync] Stopped: Sessions
2026-03-10 10:18:28.485: [INFO][Sync] Stopped: Extension settings
2026-03-10 10:18:28.485: [INFO][Sync] Stopped: History Delete Directives
2026-03-10 10:18:28.485: [INFO][Sync] Stopped: Device Info
2026-03-10 10:18:28.485: [INFO][Sync] Stopped: User Consents
2026-03-10 10:18:28.485: [INFO][Sync] Stopped: Send Tab To Self
2026-03-10 10:18:28.485: [INFO][Sync] Stopped: Web Apps
2026-03-10 10:18:28.485: [INFO][Sync] Stopped: History
2026-03-10 10:18:28.485: [INFO][Sync] Stopped: Saved Tab Group
2026-03-10 10:18:28.485: [INFO][Sync] Stopped: WebAuthn Credentials
2026-03-10 10:18:28.485: [INFO][Sync] Stopped: Collection
2026-03-10 10:18:28.485: [INFO][Sync] Stopped: Edge E Drop
2026-03-10 10:18:28.485: [INFO][Sync] Stopped: Edge Hub App Usage
2026-03-10 10:18:28.485: [INFO][Sync] Stopped: Edge Wallet
2026-03-10 10:18:28.485: [INFO][Sync] Stopped: Edge Workspace
2026-03-10 10:20:52.302: [INFO][Sync] Reset engine, reason: 0
2026-03-10 10:34:14.719: [INFO][Sync] SyncState after authenticated was: FeatureNotSetup
2026-03-10 10:36:17.408: [INFO][Sync] Reset engine, reason: 0
2026-03-10 10:40:01.839: [INFO][Sync] Reset engine, reason: 8
2026-03-10 10:40:01.840: [INFO][Sync] Stopped: Bookmarks
2026-03-10 10:40:01.840: [INFO][Sync] Stopped: Preferences
2026-03-10 10:40:01.840: [INFO][Sync] Stopped: Passwords
2026-03-10 10:40:01.840: [INFO][Sync] Stopped: Autofill Profiles
2026-03-10 10:40:01.840: [INFO][Sync] Stopped: Autofill
2026-03-10 10:40:01.840: [INFO][Sync] Stopped: Extensions
2026-03-10 10:40:01.840: [INFO][Sync] Stopped: Sessions
2026-03-10 10:40:01.840: [INFO][Sync] Stopped: Extension settings
2026-03-10 10:40:01.840: [INFO][Sync] Stopped: History Delete Directives
2026-03-10 10:40:01.840: [INFO][Sync] Stopped: Device Info
2026-03-10 10:40:01.840: [INFO][Sync] Stopped: User Consents
2026-03-10 10:40:01.840: [INFO][Sync] Stopped: Send Tab To Self
2026-03-10 10:40:01.840: [INFO][Sync] Stopped: Web Apps
2026-03-10 10:40:01.840: [INFO][Sync] Stopped: History
2026-03-10 10:40:01.840: [INFO][Sync] Stopped: Saved Tab Group
2026-03-10 10:40:01.840: [INFO][Sync] Stopped: WebAuthn Credentials
2026-03-10 10:40:01.840: [INFO][Sync] Stopped: Collection
2026-03-10 10:40:01.840: [INFO][Sync] Stopped: Edge E Drop
2026-03-10 10:40:01.840: [INFO][Sync] Stopped: Edge Hub App Usage
2026-03-10 10:40:01.840: [INFO][Sync] Stopped: Edge Wallet
2026-03-10 10:40:01.840: [INFO][Sync] Stopped: Edge Workspace
2026-03-10 10:40:01.840: [INFO][Sync] SyncState after authenticated was: NotSignedIn
2026-03-10 10:40:02.172: [INFO][Sync] Reset engine, reason: 8
2026-03-10 10:40:02.172: [INFO][Sync] Stopped: Bookmarks
2026-03-10 10:40:02.172: [INFO][Sync] Stopped: Preferences
2026-03-10 10:40:02.172: [INFO][Sync] Stopped: Passwords
2026-03-10 10:40:02.172: [INFO][Sync] Stopped: Autofill Profiles
2026-03-10 10:40:02.172: [INFO][Sync] Stopped: Autofill
2026-03-10 10:40:02.172: [INFO][Sync] Stopped: Extensions
2026-03-10 10:40:02.172: [INFO][Sync] Stopped: Sessions
2026-03-10 10:40:02.172: [INFO][Sync] Stopped: Extension settings
2026-03-10 10:40:02.172: [INFO][Sync] Stopped: History Delete Directives
2026-03-10 10:40:02.172: [INFO][Sync] Stopped: Device Info
2026-03-10 10:40:02.172: [INFO][Sync] Stopped: User Consents
2026-03-10 10:40:02.172: [INFO][Sync] Stopped: Send Tab To Self
2026-03-10 10:40:02.172: [INFO][Sync] Stopped: Web Apps
2026-03-10 10:40:02.172: [INFO][Sync] Stopped: History
2026-03-10 10:40:02.172: [INFO][Sync] Stopped: Saved Tab Group
2026-03-10 10:40:02.172: [INFO][Sync] Stopped: WebAuthn Credentials
2026-03-10 10:40:02.172: [INFO][Sync] Stopped: Collection
2026-03-10 10:40:02.172: [INFO][Sync] Stopped: Edge E Drop
2026-03-10 10:40:02.172: [INFO][Sync] Stopped: Edge Hub App Usage
2026-03-10 10:40:02.172: [INFO][Sync] Stopped: Edge Wallet
2026-03-10 10:40:02.172: [INFO][Sync] Stopped: Edge Workspace
2026-03-10 10:42:19.687: [INFO][Sync] Reset engine, reason: 0
2026-03-24 06:34:19.446: [INFO][Sync] SyncState after authenticated was: FeatureNotSetup
2026-03-24 06:38:38.142: [INFO][Sync] Reset engine, reason: 0
2026-03-24 06:39:28.986: [INFO][Sync] Reset engine, reason: 8
2026-03-24 06:39:28.986: [INFO][Sync] Stopped: Bookmarks
2026-03-24 06:39:28.986: [INFO][Sync] Stopped: Preferences
2026-03-24 06:39:28.986: [INFO][Sync] Stopped: Passwords
2026-03-24 06:39:28.986: [INFO][Sync] Stopped: Autofill Profiles
2026-03-24 06:39:28.986: [INFO][Sync] Stopped: Autofill
2026-03-24 06:39:28.986: [INFO][Sync] Stopped: Extensions
2026-03-24 06:39:28.986: [INFO][Sync] Stopped: Sessions
2026-03-24 06:39:28.986: [INFO][Sync] Stopped: Extension settings
2026-03-24 06:39:28.986: [INFO][Sync] Stopped: History Delete Directives
2026-03-24 06:39:28.986: [INFO][Sync] Stopped: Device Info
2026-03-24 06:39:28.986: [INFO][Sync] Stopped: User Consents
2026-03-24 06:39:28.986: [INFO][Sync] Stopped: Send Tab To Self
2026-03-24 06:39:28.986: [INFO][Sync] Stopped: Web Apps
2026-03-24 06:39:28.986: [INFO][Sync] Stopped: History
2026-03-24 06:39:28.986: [INFO][Sync] Stopped: Saved Tab Group
2026-03-24 06:39:28.986: [INFO][Sync] Stopped: WebAuthn Credentials
2026-03-24 06:39:28.986: [INFO][Sync] Stopped: Collection
2026-03-24 06:39:28.986: [INFO][Sync] Stopped: Edge E Drop
2026-03-24 06:39:28.986: [INFO][Sync] Stopped: Edge Hub App Usage
2026-03-24 06:39:28.986: [INFO][Sync] Stopped: Edge Wallet
2026-03-24 06:39:28.986: [INFO][Sync] Stopped: Edge Workspace
2026-03-24 06:39:28.986: [INFO][Sync] SyncState after authenticated was: NotSignedIn
2026-03-24 06:39:29.345: [INFO][Sync] Reset engine, reason: 8
2026-03-24 06:39:29.345: [INFO][Sync] Stopped: Bookmarks
2026-03-24 06:39:29.345: [INFO][Sync] Stopped: Preferences
2026-03-24 06:39:29.345: [INFO][Sync] Stopped: Passwords
2026-03-24 06:39:29.345: [INFO][Sync] Stopped: Autofill Profiles
2026-03-24 06:39:29.345: [INFO][Sync] Stopped: Autofill
2026-03-24 06:39:29.345: [INFO][Sync] Stopped: Extensions
2026-03-24 06:39:29.345: [INFO][Sync] Stopped: Sessions
2026-03-24 06:39:29.345: [INFO][Sync] Stopped: Extension settings
2026-03-24 06:39:29.345: [INFO][Sync] Stopped: History Delete Directives
2026-03-24 06:39:29.345: [INFO][Sync] Stopped: Device Info
2026-03-24 06:39:29.345: [INFO][Sync] Stopped: User Consents
2026-03-24 06:39:29.345: [INFO][Sync] Stopped: Send Tab To Self
2026-03-24 06:39:29.345: [INFO][Sync] Stopped: Web Apps
2026-03-24 06:39:29.345: [INFO][Sync] Stopped: History
2026-03-24 06:39:29.345: [INFO][Sync] Stopped: Saved Tab Group
2026-03-24 06:39:29.345: [INFO][Sync] Stopped: WebAuthn Credentials
2026-03-24 06:39:29.345: [INFO][Sync] Stopped: Collection
2026-03-24 06:39:29.346: [INFO][Sync] Stopped: Edge E Drop
2026-03-24 06:39:29.346: [INFO][Sync] Stopped: Edge Hub App Usage
2026-03-24 06:39:29.346: [INFO][Sync] Stopped: Edge Wallet
2026-03-24 06:39:29.346: [INFO][Sync] Stopped: Edge Workspace
2026-03-24 06:50:40.531: [INFO][Sync] Reset engine, reason: 0
2026-03-24 07:08:48.771: [INFO][Sync] SyncState after authenticated was: FeatureNotSetup
2026-03-24 07:11:00.287: [INFO][Sync] Reset engine, reason: 0
